#
# A fatal error has been detected by the Java Runtime Environment:
#
#  EXCEPTION_ACCESS_VIOLATION (0xc0000005) at pc=0x00007ffcf41ed652, pid=70328, tid=56332
#
# JRE version: OpenJDK Runtime Environment JBR-21.0.7+9-895.130-jcef (21.0.7+9) (build 21.0.7+9-b895.130)
# Java VM: OpenJDK 64-Bit Server VM JBR-21.0.7+9-895.130-jcef (21.0.7+9-b895.130, mixed mode, sharing, tiered, compressed oops, compressed class ptrs, g1 gc, windows-amd64)
# Problematic frame:
# V  [jvm.dll+0x8d652]  Node::add_out+0x32
#
# No core dump will be written. Minidumps are not enabled by default on client versions of Windows
#
# If you would like to submit a bug report, please visit:
#   https://youtrack.jetbrains.com/issues/JBR
#

---------------  S U M M A R Y ------------

Command Line: -Dcompose.reload.argfile=C:\Users\Kolter.Saurey\kolter\usu\cs5700\assignments\ShipmentTrackingSimulator\composeApp\build\run\desktopMain\desktopMain.argfile -Dcompose.reload.build.continuous=true -Dcompose.reload.buildSystem=Gradle -Dcompose.reload.devToolsClasspath=C:\Users\Kolter.Saurey\.gradle\caches\modules-2\files-2.1\org.jetbrains.compose.hot-reload\hot-reload-devtools\1.0.0-alpha11\7271425ca174e47a07c9c9e548f740368134ca61\hot-reload-devtools-1.0.0-alpha11.jar;C:\Users\Kolter.Saurey\.gradle\caches\modules-2\files-2.1\org.jetbrains.compose.hot-reload\hot-reload-runtime-api-jvm\1.0.0-alpha11\e784fec47791cba1a21f056aed2408a90bb72576\hot-reload-runtime-api-jvm-1.0.0-alpha11.jar;C:\Users\Kolter.Saurey\.gradle\caches\modules-2\files-2.1\org.jetbrains.compose.hot-reload\hot-reload-runtime-jvm\1.0.0-alpha11\f62217e3b4ce58047ec1412be4ef66c2ae91edb4\hot-reload-runtime-jvm-1.0.0-alpha11.jar;C:\Users\Kolter.Saurey\.gradle\caches\modules-2\files-2.1\org.jetbrains.compose.desktop\desktop-jvm\1.8.1\7a5516c08efe9fef2e6aa38a10e5fc17fb556148\desktop-jvm-1.8.1.jar;C:\Users\Kolter.Saurey\.gradle\caches\modules-2\files-2.1\org.jetbrains.compose.material3\material3-desktop\1.8.1\763803ef38c846a60dadabe187bd402c5a52222e\material3-desktop-1.8.1.jar;C:\Users\Kolter.Saurey\.gradle\caches\modules-2\files-2.1\org.jetbrains.compose.components\components-resources-desktop\1.8.1\10110d785f486bc13235f40e1d0b91a48b5f3ee6\library-desktop-1.8.1.jar;C:\Users\Kolter.Saurey\.gradle\caches\modules-2\files-2.1\io.sellmair\evas-compose-jvm\1.3.0\1214dcce9040d1b9f856b02b443cf8c2ebe1573a\evas-compose-jvm-1.3.0.jar;C:\Users\Kolter.Saurey\.gradle\caches\modules-2\files-2.1\org.jetbrains.compose.material\material-desktop\1.8.1\ef0aa2ceffba36f64a1ba916c1d0116fd3c383c6\material-desktop-1.8.1.jar;C:\Users\Kolter.Saurey\.gradle\caches\modules-2\files-2.1\org.jetbrains.compose.material\material-ripple-desktop\1.8.1\5364a917218879742c9f08f55791adb3a7c26c8a\material-ripple-desktop-1.8.1.jar;C:\Users\Kolter.Saurey\.gradle\caches\modules-2\files-2.1\org.jetbrains.compose.foundation\foundation-desktop\1.8.1\43f4d514df27ef16c4fbe77807c2a7e12e18b6fd\foundation-desktop-1.8.1.jar;C:\Users\Kolter.Saurey\.gradle\caches\modules-2\files-2.1\org.jetb-Dcompose.reload.devToolsEnabled=true -Dcompose.reload.devToolsHeadless=false -Dcompose.reload.devToolsTransparencyEnabled=true -Dcompose.reload.dirtyResolveDepthLimit=5 -Dcompose.reload.launchMode=GradleBlocking -Dcompose.reload.mainClass=com.shipment_tracking_app.MainKt -Dcompose.reload.pidFile=C:\Users\Kolter.Saurey\kolter\usu\cs5700\assignments\ShipmentTrackingSimulator\composeApp\build\run\desktopMain\desktopMain.pid -Dcompose.reload.virtualMethodResolveEnabled=true -Ddebugger.agent.enable.coroutines=true -Dgradle.build.project=:composeApp -Dgradle.build.root=C:\Users\Kolter.Saurey\kolter\usu\cs5700\assignments\ShipmentTrackingSimulator -Dgradle.build.task=hotReloadDesktopMain -Dkotlinx.coroutines.debug.enable.creation.stack.trace=false -Dkotlinx.coroutines.debug.enable.flows.stack.trace=true -Dkotlinx.coroutines.debug.enable.mutable.state.flows.stack.trace=true -Dorg.gradle.java.home=C:\Users\Kolter.Saurey\.jdks\ms-21.0.7 -agentlib:jdwp=transport=dt_socket,server=n,suspend=y,address=127.0.0.1:51044 -javaagent:C:\Users\Kolter.Saurey\AppData\Local\JetBrains\IntelliJIdea2025.1\captureAgent\debugger-agent.jar=file:///C:/Users/KOLTER~1.SAU/AppData/Local/Temp/capture5013160184243690325.props -XX:+IgnoreUnrecognizedVMOptions -XX:+AllowEnhancedClassRedefinition -javaagent:C:\Users\Kolter.Saurey\.gradle\caches\modules-2\files-2.1\org.jetbrains.compose.hot-reload\hot-reload-agent\1.0.0-alpha11\c4ee8ce7bac236244150134658fff9a6f21443ad\hot-reload-agent-1.0.0-alpha11.jar -javaagent:C:\Users\Kolter.Saurey\.gradle\caches\modules-2\files-2.1\org.jetbrains.kotlinx\kotlinx-coroutines-core-jvm\1.10.2\4a9f78ef49483748e2c129f3d124b8fa249dafbf\kotlinx-coroutines-core-jvm-1.10.2.jar -Dfile.encoding=UTF-8 -Duser.country=US -Duser.language=en -Duser.variant -ea com.shipment_tracking_app.MainKt

Host: 13th Gen Intel(R) Core(TM) i7-13800H, 20 cores, 63G,  Windows 11 , 64 bit Build 26100 (10.0.26100.4484)
Time: Thu Jul 24 12:38:02 2025 Mountain Daylight Time elapsed time: 0.429174 seconds (0d 0h 0m 0s)

---------------  T H R E A D  ---------------

Current thread (0x000001975732f3f0):  JavaThread "C2 CompilerThread1" daemon [_thread_in_native, id=56332, stack(0x0000004e8a600000,0x0000004e8a700000) (1024K)]


Current CompileTask:
C2:429  292       4       java.lang.String::hashCode (60 bytes)

Stack: [0x0000004e8a600000,0x0000004e8a700000],  sp=0x0000004e8a6fcdd0,  free space=1011k
Native frames: (J=compiled Java code, j=interpreted, Vv=VM code, C=native code)
V  [jvm.dll+0x8d652]  Node::add_out+0x32  (node.hpp:505)
V  [jvm.dll+0x6bf13f]  Node::add_req+0x8f  (node.cpp:775)
V  [jvm.dll+0x66dc14]  Matcher::find_shared+0x324  (matcher.cpp:2193)
V  [jvm.dll+0x672419]  Matcher::match+0x549  (matcher.cpp:327)
V  [jvm.dll+0x25078f]  Compile::Code_Gen+0xbf  (compile.cpp:2918)
V  [jvm.dll+0x24fee1]  Compile::Compile+0xee1  (compile.cpp:885)
V  [jvm.dll+0x1cd734]  C2Compiler::compile_method+0xd4  (c2compiler.cpp:123)
V  [jvm.dll+0x25f76c]  CompileBroker::invoke_compiler_on_method+0x78c  (compileBroker.cpp:2326)
V  [jvm.dll+0x25dc93]  CompileBroker::compiler_thread_loop+0x393  (compileBroker.cpp:1990)
V  [jvm.dll+0x3ffa86]  JavaThread::run+0x116  (javaThread.cpp:702)
V  [jvm.dll+0x86bea8]  Thread::call_run+0xc8  (thread.cpp:231)
V  [jvm.dll+0x6e480d]  os::win32::thread_native_entry+0x7d  (os_windows.cpp:557)
C  [ucrtbase.dll+0x37b0]
C  [KERNEL32.DLL+0x2e8d7]
C  [ntdll.dll+0x3c34c]


siginfo: EXCEPTION_ACCESS_VIOLATION (0xc0000005), reading address 0xffffffffffffffff


Registers:
RAX=0x00000000f416ff00, RBX=0x00007ffcf4b64458, RCX=0x00007ffcf4174720, RDX=0x000001975729b680
RSP=0x0000004e8a6fcdd0, RBP=0x0000004e8a6fce79, RSI=0x0000000000000000, RDI=0x000001975729b680
R8 =0x0000000000000002, R9 =0x0000000000000000, R10=0x00007ffd65d10000, R11=0x00000197572a0558
R12=0x00000000000000b1, R13=0x0000000000000000, R14=0x0000000000000000, R15=0x0000004e8a6fd2d0
RIP=0x00007ffcf41ed652, EFLAGS=0x0000000000010292

XMM[0]=0x0000000000000000 0x0000000000000000
XMM[1]=0x000001975729b638 0x000001975729b220
XMM[2]=0x000001975729b638 0x000001975729b220
XMM[3]=0x0000000000000000 0x0000000000000000
XMM[4]=0x0000000000000000 0x0000000000000000
XMM[5]=0x00000197572a00a0 0x000001975729cde0
XMM[6]=0x0000000000000000 0x0000000000000000
XMM[7]=0x0000000000000000 0x0000000000000000
XMM[8]=0x0000000000000000 0x0000000000000000
XMM[9]=0x0000000000000000 0x0000000000000000
XMM[10]=0x0000000000000000 0x0000000000000000
XMM[11]=0x0000000000000000 0x0000000000000000
XMM[12]=0x0000000000000000 0x0000000000000000
XMM[13]=0x0000000000000000 0x0000000000000000
XMM[14]=0x0000000000000000 0x0000000000000000
XMM[15]=0x0000000000000000 0x0000000000000000
  MXCSR=0x00001fa0


Register to memory mapping:

RAX=0x00000000f416ff00 is an unknown value
RBX=0x00007ffcf4b64458 jvm.dll::IfNode::`vftable' + 0x0
RCX=0x00007ffcf4174720 jvm.dll::jmpConUCF2_shortNode::pinned + 0x0
RDX=0x000001975729b680 points into unknown readable memory: 0x00007ffcf4b64458 | 58 44 b6 f4 fc 7f 00 00
RSP=0x0000004e8a6fcdd0 is pointing into the stack for thread: 0x000001975732f3f0
RBP=0x0000004e8a6fce79 is pointing into the stack for thread: 0x000001975732f3f0
RSI=0x0 is null
RDI=0x000001975729b680 points into unknown readable memory: 0x00007ffcf4b64458 | 58 44 b6 f4 fc 7f 00 00
R8 =0x0000000000000002 is an unknown value
R9 =0x0 is null
R10=0x00007ffd65d10000 VCRUNTIME140.dll
R11=0x00000197572a0558 points into unknown readable memory: 0x00007ffcf4b64458 | 58 44 b6 f4 fc 7f 00 00
R12=0x00000000000000b1 is an unknown value
R13=0x0 is null
R14=0x0 is null
R15=0x0000004e8a6fd2d0 is pointing into the stack for thread: 0x000001975732f3f0

Top of Stack: (sp=0x0000004e8a6fcdd0)
0x0000004e8a6fcdd0:   0000000000000003 000001975729b680
0x0000004e8a6fcde0:   0000019700000000 0000000000000000
0x0000004e8a6fcdf0:   00007ffcf4b64458 00007ffcf481f13f
0x0000004e8a6fce00:   000001975729b680 0000000000000000
0x0000004e8a6fce10:   0000004e8a6fd2d0 0000000000000000
0x0000004e8a6fce20:   000001975729b680 00007ffcf47cdc14
0x0000004e8a6fce30:   0000000000000003 000000000000007b
0x0000004e8a6fce40:   0000000000000000 0000000000000000
0x0000004e8a6fce50:   0000004e8a6fcee0 0000004e8a6fcee8
0x0000004e8a6fce60:   000001975736a180 000001975736aba0
0x0000004e8a6fce70:   000001975736a040 00000197572ed140
0x0000004e8a6fce80:   0000000000000002 000001975736aba0
0x0000004e8a6fce90:   00007ffc00000002 00000197572ed140
0x0000004e8a6fcea0:   0000019757369fd8 0000000000000000
0x0000004e8a6fceb0:   0000000000000000 0000000000000060
0x0000004e8a6fcec0:   0000000000000004 0000004e8a6fd2d0
0x0000004e8a6fced0:   0000004e8a6fcf69 00007ffcf47d2419
0x0000004e8a6fcee0:   0000004e8a6fd200 0000004e8a6fcf69
0x0000004e8a6fcef0:   0000000000000010 00007ffcf4da90d0
0x0000004e8a6fcf00:   0000019757369fc0 0000000000000000
0x0000004e8a6fcf10:   0000000000100000 0000000000000000
0x0000004e8a6fcf20:   0000000000000000 0000000000000000
0x0000004e8a6fcf30:   0000000000000000 0000000000000000
0x0000004e8a6fcf40:   0000000000000000 0000000000000000
0x0000004e8a6fcf50:   0000000000000000 0000000000000000
0x0000004e8a6fcf60:   0000000000000000 0000000000000000
0x0000004e8a6fcf70:   0000004e8a6fd378 0000000000000007
0x0000004e8a6fcf80:   0000000000000000 0000000000000000
0x0000004e8a6fcf90:   0000685329fa8a39 00007ffcf47cbaee
0x0000004e8a6fcfa0:   0000000000000000 0000000080000000
0x0000004e8a6fcfb0:   00000197400e02c0 0000000000000000
0x0000004e8a6fcfc0:   0000004e8a6fd0d0 00007ffcf43b078f 

Instructions: (pc=0x00007ffcf41ed652)
0x00007ffcf41ed552:   00 00 00 48 89 03 c6 43 3c 00 c7 43 2c 08 00 00
0x00007ffcf41ed562:   00 8b 4d 2c 83 e1 0f 80 f9 09 75 04 83 4b 30 40
0x00007ffcf41ed572:   4c 89 23 0f 28 05 44 a2 bb 00 0f 11 43 40 0f 28
0x00007ffcf41ed582:   0d 49 a2 bb 00 0f 11 4b 50 0f 28 05 4e a2 bb 00
0x00007ffcf41ed592:   0f 11 43 60 0f 28 0d 53 a2 bb 00 0f 11 4b 70 0f
0x00007ffcf41ed5a2:   28 05 58 a2 bb 00 0f 11 83 80 00 00 00 0f 28 0d
0x00007ffcf41ed5b2:   5a a2 bb 00 0f 11 8b 90 00 00 00 c7 83 a0 00 00
0x00007ffcf41ed5c2:   00 0f 00 00 00 c7 43 2c 08 02 00 00 eb 02 33 db
0x00007ffcf41ed5d2:   8b 77 18 8d 46 01 89 47 18 3b 77 08 72 0a 8b d6
0x00007ffcf41ed5e2:   48 8b cf e8 e6 31 63 00 48 8b 47 10 48 8b 7c 24
0x00007ffcf41ed5f2:   58 48 89 1c f0 48 8b c5 48 8b 6c 24 48 48 8b 5c
0x00007ffcf41ed602:   24 40 48 8b 74 24 50 48 83 c4 20 41 5f 41 5e 41
0x00007ffcf41ed612:   5c c3 cc cc cc cc cc cc cc cc cc cc cc cc 48 89
0x00007ffcf41ed622:   5c 24 08 57 48 83 ec 20 48 8b d9 48 8b fa 48 8b
0x00007ffcf41ed632:   49 10 48 85 c9 74 20 8b 43 20 3b 43 24 75 11 8b
0x00007ffcf41ed642:   d0 48 8b cb e8 85 43 63 00 8b 43 20 48 8b 4b 10
0x00007ffcf41ed652:   48 89 3c c1 ff 43 20 48 8b 5c 24 30 48 83 c4 20
0x00007ffcf41ed662:   5f c3 cc cc cc cc cc cc cc cc cc cc cc cc 48 89
0x00007ffcf41ed672:   5c 24 08 57 48 83 ec 20 48 8b 01 48 8b d9 ff 90
0x00007ffcf41ed682:   c8 00 00 00 8d 50 01 48 8b 43 08 48 8b 0c d0 48
0x00007ffcf41ed692:   8b 01 ff 50 28 48 8b 13 48 8b cb 48 8b f8 ff 92
0x00007ffcf41ed6a2:   c8 00 00 00 83 c0 02 39 43 18 77 0e 48 8b c7 48
0x00007ffcf41ed6b2:   8b 5c 24 30 48 83 c4 20 5f c3 48 8b 03 48 8b cb
0x00007ffcf41ed6c2:   ff 90 c8 00 00 00 8d 48 02 48 8b 43 08 48 8b 0c
0x00007ffcf41ed6d2:   c8 48 8b 01 ff 50 28 45 33 c0 48 8b cf 48 8b d0
0x00007ffcf41ed6e2:   48 8b 5c 24 30 48 83 c4 20 5f e9 3f 59 7f 00 cc
0x00007ffcf41ed6f2:   cc cc cc cc cc cc cc cc cc cc cc cc cc cc 48 8b
0x00007ffcf41ed702:   41 60 c3 cc cc cc cc cc cc cc cc cc cc cc 48 8b
0x00007ffcf41ed712:   41 70 c3 cc cc cc cc cc cc cc cc cc cc cc 8b 81
0x00007ffcf41ed722:   a0 00 00 00 c3 cc cc cc cc cc cc cc cc cc 48 89
0x00007ffcf41ed732:   5c 24 08 48 89 74 24 10 57 48 83 ec 20 49 8b f0
0x00007ffcf41ed742:   8b da 48 8b f9 3b 51 08 72 07 8b d3 e8 7d 30 63 


Stack slot to memory mapping:

stack at sp + 0 slots: 0x0000000000000003 is an unknown value
stack at sp + 1 slots: 0x000001975729b680 points into unknown readable memory: 0x00007ffcf4b64458 | 58 44 b6 f4 fc 7f 00 00
stack at sp + 2 slots: 0x0000019700000000 is an unknown value
stack at sp + 3 slots: 0x0 is null
stack at sp + 4 slots: 0x00007ffcf4b64458 jvm.dll::IfNode::`vftable' + 0x0
stack at sp + 5 slots: 0x00007ffcf481f13f jvm.dll::Node::add_req + 0x8f
stack at sp + 6 slots: 0x000001975729b680 points into unknown readable memory: 0x00007ffcf4b64458 | 58 44 b6 f4 fc 7f 00 00
stack at sp + 7 slots: 0x0 is null


---------------  P R O C E S S  ---------------

Threads class SMR info:
_java_thread_list=0x000001979dc0f850, length=23, elements={
0x000001972bff7b70, 0x00000197571cf040, 0x00000197571cfb90, 0x00000197571d26e0,
0x00000197571d4870, 0x00000197571d7cf0, 0x00000197571d5c20, 0x000001975720bbf0,
0x000001975720d1f0, 0x00000197571d62b0, 0x000001975732ed20, 0x000001975732d1e0,
0x000001975732f3f0, 0x0000019757446300, 0x000001975746b700, 0x000001975747c250,
0x00000197571d6940, 0x000001975732cb10, 0x000001975732fac0, 0x000001975732c440,
0x000001975732d8b0, 0x000001975732e650, 0x000001979fdcdb30
}

Java Threads: ( => current thread )
  0x000001972bff7b70 JavaThread "main"                              [_thread_in_Java, id=31784, stack(0x0000004e89300000,0x0000004e89400000) (1024K)]
  0x00000197571cf040 JavaThread "Reference Handler"          daemon [_thread_blocked, id=38020, stack(0x0000004e89b00000,0x0000004e89c00000) (1024K)]
  0x00000197571cfb90 JavaThread "Finalizer"                  daemon [_thread_blocked, id=30104, stack(0x0000004e89c00000,0x0000004e89d00000) (1024K)]
  0x00000197571d26e0 JavaThread "Signal Dispatcher"          daemon [_thread_blocked, id=41528, stack(0x0000004e89d00000,0x0000004e89e00000) (1024K)]
  0x00000197571d4870 JavaThread "Attach Listener"            daemon [_thread_blocked, id=34008, stack(0x0000004e89e00000,0x0000004e89f00000) (1024K)]
  0x00000197571d7cf0 JavaThread "Service Thread"             daemon [_thread_blocked, id=78064, stack(0x0000004e89f00000,0x0000004e8a000000) (1024K)]
  0x00000197571d5c20 JavaThread "Monitor Deflation Thread"   daemon [_thread_blocked, id=1928, stack(0x0000004e8a000000,0x0000004e8a100000) (1024K)]
  0x000001975720bbf0 JavaThread "C2 CompilerThread0"         daemon [_thread_in_native, id=53556, stack(0x0000004e8a100000,0x0000004e8a200000) (1024K)]
  0x000001975720d1f0 JavaThread "C1 CompilerThread0"         daemon [_thread_blocked, id=48176, stack(0x0000004e8a200000,0x0000004e8a300000) (1024K)]
  0x00000197571d62b0 JavaThread "Common-Cleaner"             daemon [_thread_blocked, id=5508, stack(0x0000004e8a300000,0x0000004e8a400000) (1024K)]
  0x000001975732ed20 JavaThread "C1 CompilerThread1"         daemon [_thread_blocked, id=43304, stack(0x0000004e8a400000,0x0000004e8a500000) (1024K)]
  0x000001975732d1e0 JavaThread "C1 CompilerThread2"         daemon [_thread_blocked, id=40360, stack(0x0000004e8a500000,0x0000004e8a600000) (1024K)]
=>0x000001975732f3f0 JavaThread "C2 CompilerThread1"         daemon [_thread_in_native, id=56332, stack(0x0000004e8a600000,0x0000004e8a700000) (1024K)]
  0x0000019757446300 JavaThread "JDWP Transport Listener: dt_socket" daemon [_thread_blocked, id=22084, stack(0x0000004e8a700000,0x0000004e8a800000) (1024K)]
  0x000001975746b700 JavaThread "JDWP Event Helper Thread"   daemon [_thread_blocked, id=3740, stack(0x0000004e8a800000,0x0000004e8a900000) (1024K)]
  0x000001975747c250 JavaThread "JDWP Command Reader"        daemon [_thread_in_native, id=44596, stack(0x0000004e8a900000,0x0000004e8aa00000) (1024K)]
  0x00000197571d6940 JavaThread "IntelliJ Suspend Helper"    daemon [_thread_blocked, id=53928, stack(0x0000004e8aa00000,0x0000004e8ab00000) (1024K)]
  0x000001975732cb10 JavaThread "C2 CompilerThread2"         daemon [_thread_in_native, id=3668, stack(0x0000004e8ab00000,0x0000004e8ac00000) (1024K)]
  0x000001975732fac0 JavaThread "C2 CompilerThread3"         daemon [_thread_in_native, id=65372, stack(0x0000004e8ac00000,0x0000004e8ad00000) (1024K)]
  0x000001975732c440 JavaThread "C2 CompilerThread4"         daemon [_thread_in_native, id=75636, stack(0x0000004e8ad00000,0x0000004e8ae00000) (1024K)]
  0x000001975732d8b0 JavaThread "C2 CompilerThread5"         daemon [_thread_in_native, id=47204, stack(0x0000004e8ae00000,0x0000004e8af00000) (1024K)]
  0x000001975732e650 JavaThread "C2 CompilerThread6"         daemon [_thread_in_native, id=51636, stack(0x0000004e8af00000,0x0000004e8b000000) (1024K)]
  0x000001979fdcdb30 JavaThread "C2 CompilerThread7"         daemon [_thread_in_native, id=6004, stack(0x0000004e8b000000,0x0000004e8b100000) (1024K)]
Total: 23

Other Threads:
  0x00000197400e86c0 VMThread "VM Thread"                           [id=54300, stack(0x0000004e89a00000,0x0000004e89b00000) (1024K)]
  0x00000197571b19e0 WatcherThread "VM Periodic Task Thread"        [id=64688, stack(0x0000004e89900000,0x0000004e89a00000) (1024K)]
  0x000001973ff6ffa0 WorkerThread "GC Thread#0"                     [id=19404, stack(0x0000004e89400000,0x0000004e89500000) (1024K)]
  0x0000019729acdfb0 ConcurrentGCThread "G1 Main Marker"            [id=35040, stack(0x0000004e89500000,0x0000004e89600000) (1024K)]
  0x0000019729acea10 WorkerThread "G1 Conc#0"                       [id=37632, stack(0x0000004e89600000,0x0000004e89700000) (1024K)]
  0x000001974001c130 ConcurrentGCThread "G1 Refine#0"               [id=24544, stack(0x0000004e89700000,0x0000004e89800000) (1024K)]
  0x000001974001c950 ConcurrentGCThread "G1 Service"                [id=72932, stack(0x0000004e89800000,0x0000004e89900000) (1024K)]
Total: 7

Threads with active compile tasks:
C2 CompilerThread0  537  295       4       jdk.internal.util.ArraysSupport::signedHashCode (37 bytes)
C2 CompilerThread1  537  292       4       java.lang.String::hashCode (60 bytes)
C2 CompilerThread2  537  294       4       java.lang.StringLatin1::equals (36 bytes)
C2 CompilerThread3  537  302       4       java.lang.String::charAt (25 bytes)
C2 CompilerThread4  537  339       4       java.util.HashMap::putVal (300 bytes)
C2 CompilerThread5  537  381       4       java.lang.StringCoding::countPositives (33 bytes)
C2 CompilerThread6  537  454 %     4       java.lang.StringLatin1::indexOfChar @ 7 (33 bytes)
C2 CompilerThread7  537  303       4       java.lang.StringLatin1::charAt (15 bytes)
Total: 8

VM state: not at safepoint (normal execution)

VM Mutex/Monitor currently owned by a thread: None

Heap address: 0x0000000402800000, size: 16344 MB, Compressed Oops mode: Zero based, Oop shift amount: 3

CDS archive(s) mapped at: [0x0000019758000000-0x0000019758d10000-0x0000019758d10000), size 13697024, SharedBaseAddress: 0x0000019758000000, ArchiveRelocationMode: 1.
Compressed class space mapped at: 0x0000019759000000-0x0000019799000000, reserved size: 1073741824
Narrow klass base: 0x0000019758000000, Narrow klass shift: 0, Narrow klass range: 0x100000000

GC Precious Log:
 CardTable entry size: 512
 Card Set container configuration: InlinePtr #cards 4 size 8 Array Of Cards #cards 64 size 144 Howl #buckets 8 coarsen threshold 14745 Howl Bitmap #cards 2048 size 272 coarsen threshold 1843 Card regions per heap region 1 cards per card region 16384
 CPUs: 20 total, 20 available
 Memory: 65360M
 Large Page Support: Disabled
 NUMA Support: Disabled
 Compressed Oops: Enabled (Zero based)
 Heap Region Size: 8M
 Heap Min Capacity: 8M
 Heap Initial Capacity: 1G
 Heap Max Capacity: 16344M
 Pre-touch: Disabled
 Parallel Workers: 15
 Concurrent Workers: 4
 Concurrent Refinement Workers: 15
 Periodic GC: Disabled

Heap:
 garbage-first heap   total 1048576K, used 8192K [0x0000000402800000, 0x0000000800000000)
  region size 8192K, 2 young (16384K), 0 survivors (0K)
 Metaspace       used 2603K, committed 2752K, reserved 1114112K
  class space    used 228K, committed 320K, reserved 1048576K

Heap Regions: E=young(eden), S=young(survivor), O=old, HS=humongous(starts), HC=humongous(continues), CS=collection set, F=free, TAMS=top-at-mark-start, PB=parsable bottom
|   0|0x0000000402800000, 0x0000000402800000, 0x0000000403000000|  0%| F|  |TAMS 0x0000000402800000| PB 0x0000000402800000| Untracked 
|   1|0x0000000403000000, 0x0000000403000000, 0x0000000403800000|  0%| F|  |TAMS 0x0000000403000000| PB 0x0000000403000000| Untracked 
|   2|0x0000000403800000, 0x0000000403800000, 0x0000000404000000|  0%| F|  |TAMS 0x0000000403800000| PB 0x0000000403800000| Untracked 
|   3|0x0000000404000000, 0x0000000404000000, 0x0000000404800000|  0%| F|  |TAMS 0x0000000404000000| PB 0x0000000404000000| Untracked 
|   4|0x0000000404800000, 0x0000000404800000, 0x0000000405000000|  0%| F|  |TAMS 0x0000000404800000| PB 0x0000000404800000| Untracked 
|   5|0x0000000405000000, 0x0000000405000000, 0x0000000405800000|  0%| F|  |TAMS 0x0000000405000000| PB 0x0000000405000000| Untracked 
|   6|0x0000000405800000, 0x0000000405800000, 0x0000000406000000|  0%| F|  |TAMS 0x0000000405800000| PB 0x0000000405800000| Untracked 
|   7|0x0000000406000000, 0x0000000406000000, 0x0000000406800000|  0%| F|  |TAMS 0x0000000406000000| PB 0x0000000406000000| Untracked 
|   8|0x0000000406800000, 0x0000000406800000, 0x0000000407000000|  0%| F|  |TAMS 0x0000000406800000| PB 0x0000000406800000| Untracked 
|   9|0x0000000407000000, 0x0000000407000000, 0x0000000407800000|  0%| F|  |TAMS 0x0000000407000000| PB 0x0000000407000000| Untracked 
|  10|0x0000000407800000, 0x0000000407800000, 0x0000000408000000|  0%| F|  |TAMS 0x0000000407800000| PB 0x0000000407800000| Untracked 
|  11|0x0000000408000000, 0x0000000408000000, 0x0000000408800000|  0%| F|  |TAMS 0x0000000408000000| PB 0x0000000408000000| Untracked 
|  12|0x0000000408800000, 0x0000000408800000, 0x0000000409000000|  0%| F|  |TAMS 0x0000000408800000| PB 0x0000000408800000| Untracked 
|  13|0x0000000409000000, 0x0000000409000000, 0x0000000409800000|  0%| F|  |TAMS 0x0000000409000000| PB 0x0000000409000000| Untracked 
|  14|0x0000000409800000, 0x0000000409800000, 0x000000040a000000|  0%| F|  |TAMS 0x0000000409800000| PB 0x0000000409800000| Untracked 
|  15|0x000000040a000000, 0x000000040a000000, 0x000000040a800000|  0%| F|  |TAMS 0x000000040a000000| PB 0x000000040a000000| Untracked 
|  16|0x000000040a800000, 0x000000040a800000, 0x000000040b000000|  0%| F|  |TAMS 0x000000040a800000| PB 0x000000040a800000| Untracked 
|  17|0x000000040b000000, 0x000000040b000000, 0x000000040b800000|  0%| F|  |TAMS 0x000000040b000000| PB 0x000000040b000000| Untracked 
|  18|0x000000040b800000, 0x000000040b800000, 0x000000040c000000|  0%| F|  |TAMS 0x000000040b800000| PB 0x000000040b800000| Untracked 
|  19|0x000000040c000000, 0x000000040c000000, 0x000000040c800000|  0%| F|  |TAMS 0x000000040c000000| PB 0x000000040c000000| Untracked 
|  20|0x000000040c800000, 0x000000040c800000, 0x000000040d000000|  0%| F|  |TAMS 0x000000040c800000| PB 0x000000040c800000| Untracked 
|  21|0x000000040d000000, 0x000000040d000000, 0x000000040d800000|  0%| F|  |TAMS 0x000000040d000000| PB 0x000000040d000000| Untracked 
|  22|0x000000040d800000, 0x000000040d800000, 0x000000040e000000|  0%| F|  |TAMS 0x000000040d800000| PB 0x000000040d800000| Untracked 
|  23|0x000000040e000000, 0x000000040e000000, 0x000000040e800000|  0%| F|  |TAMS 0x000000040e000000| PB 0x000000040e000000| Untracked 
|  24|0x000000040e800000, 0x000000040e800000, 0x000000040f000000|  0%| F|  |TAMS 0x000000040e800000| PB 0x000000040e800000| Untracked 
|  25|0x000000040f000000, 0x000000040f000000, 0x000000040f800000|  0%| F|  |TAMS 0x000000040f000000| PB 0x000000040f000000| Untracked 
|  26|0x000000040f800000, 0x000000040f800000, 0x0000000410000000|  0%| F|  |TAMS 0x000000040f800000| PB 0x000000040f800000| Untracked 
|  27|0x0000000410000000, 0x0000000410000000, 0x0000000410800000|  0%| F|  |TAMS 0x0000000410000000| PB 0x0000000410000000| Untracked 
|  28|0x0000000410800000, 0x0000000410800000, 0x0000000411000000|  0%| F|  |TAMS 0x0000000410800000| PB 0x0000000410800000| Untracked 
|  29|0x0000000411000000, 0x0000000411000000, 0x0000000411800000|  0%| F|  |TAMS 0x0000000411000000| PB 0x0000000411000000| Untracked 
|  30|0x0000000411800000, 0x0000000411800000, 0x0000000412000000|  0%| F|  |TAMS 0x0000000411800000| PB 0x0000000411800000| Untracked 
|  31|0x0000000412000000, 0x0000000412000000, 0x0000000412800000|  0%| F|  |TAMS 0x0000000412000000| PB 0x0000000412000000| Untracked 
|  32|0x0000000412800000, 0x0000000412800000, 0x0000000413000000|  0%| F|  |TAMS 0x0000000412800000| PB 0x0000000412800000| Untracked 
|  33|0x0000000413000000, 0x0000000413000000, 0x0000000413800000|  0%| F|  |TAMS 0x0000000413000000| PB 0x0000000413000000| Untracked 
|  34|0x0000000413800000, 0x0000000413800000, 0x0000000414000000|  0%| F|  |TAMS 0x0000000413800000| PB 0x0000000413800000| Untracked 
|  35|0x0000000414000000, 0x0000000414000000, 0x0000000414800000|  0%| F|  |TAMS 0x0000000414000000| PB 0x0000000414000000| Untracked 
|  36|0x0000000414800000, 0x0000000414800000, 0x0000000415000000|  0%| F|  |TAMS 0x0000000414800000| PB 0x0000000414800000| Untracked 
|  37|0x0000000415000000, 0x0000000415000000, 0x0000000415800000|  0%| F|  |TAMS 0x0000000415000000| PB 0x0000000415000000| Untracked 
|  38|0x0000000415800000, 0x0000000415800000, 0x0000000416000000|  0%| F|  |TAMS 0x0000000415800000| PB 0x0000000415800000| Untracked 
|  39|0x0000000416000000, 0x0000000416000000, 0x0000000416800000|  0%| F|  |TAMS 0x0000000416000000| PB 0x0000000416000000| Untracked 
|  40|0x0000000416800000, 0x0000000416800000, 0x0000000417000000|  0%| F|  |TAMS 0x0000000416800000| PB 0x0000000416800000| Untracked 
|  41|0x0000000417000000, 0x0000000417000000, 0x0000000417800000|  0%| F|  |TAMS 0x0000000417000000| PB 0x0000000417000000| Untracked 
|  42|0x0000000417800000, 0x0000000417800000, 0x0000000418000000|  0%| F|  |TAMS 0x0000000417800000| PB 0x0000000417800000| Untracked 
|  43|0x0000000418000000, 0x0000000418000000, 0x0000000418800000|  0%| F|  |TAMS 0x0000000418000000| PB 0x0000000418000000| Untracked 
|  44|0x0000000418800000, 0x0000000418800000, 0x0000000419000000|  0%| F|  |TAMS 0x0000000418800000| PB 0x0000000418800000| Untracked 
|  45|0x0000000419000000, 0x0000000419000000, 0x0000000419800000|  0%| F|  |TAMS 0x0000000419000000| PB 0x0000000419000000| Untracked 
|  46|0x0000000419800000, 0x0000000419800000, 0x000000041a000000|  0%| F|  |TAMS 0x0000000419800000| PB 0x0000000419800000| Untracked 
|  47|0x000000041a000000, 0x000000041a000000, 0x000000041a800000|  0%| F|  |TAMS 0x000000041a000000| PB 0x000000041a000000| Untracked 
|  48|0x000000041a800000, 0x000000041a800000, 0x000000041b000000|  0%| F|  |TAMS 0x000000041a800000| PB 0x000000041a800000| Untracked 
|  49|0x000000041b000000, 0x000000041b000000, 0x000000041b800000|  0%| F|  |TAMS 0x000000041b000000| PB 0x000000041b000000| Untracked 
|  50|0x000000041b800000, 0x000000041b800000, 0x000000041c000000|  0%| F|  |TAMS 0x000000041b800000| PB 0x000000041b800000| Untracked 
|  51|0x000000041c000000, 0x000000041c000000, 0x000000041c800000|  0%| F|  |TAMS 0x000000041c000000| PB 0x000000041c000000| Untracked 
|  52|0x000000041c800000, 0x000000041c800000, 0x000000041d000000|  0%| F|  |TAMS 0x000000041c800000| PB 0x000000041c800000| Untracked 
|  53|0x000000041d000000, 0x000000041d000000, 0x000000041d800000|  0%| F|  |TAMS 0x000000041d000000| PB 0x000000041d000000| Untracked 
|  54|0x000000041d800000, 0x000000041d800000, 0x000000041e000000|  0%| F|  |TAMS 0x000000041d800000| PB 0x000000041d800000| Untracked 
|  55|0x000000041e000000, 0x000000041e000000, 0x000000041e800000|  0%| F|  |TAMS 0x000000041e000000| PB 0x000000041e000000| Untracked 
|  56|0x000000041e800000, 0x000000041e800000, 0x000000041f000000|  0%| F|  |TAMS 0x000000041e800000| PB 0x000000041e800000| Untracked 
|  57|0x000000041f000000, 0x000000041f000000, 0x000000041f800000|  0%| F|  |TAMS 0x000000041f000000| PB 0x000000041f000000| Untracked 
|  58|0x000000041f800000, 0x000000041f800000, 0x0000000420000000|  0%| F|  |TAMS 0x000000041f800000| PB 0x000000041f800000| Untracked 
|  59|0x0000000420000000, 0x0000000420000000, 0x0000000420800000|  0%| F|  |TAMS 0x0000000420000000| PB 0x0000000420000000| Untracked 
|  60|0x0000000420800000, 0x0000000420800000, 0x0000000421000000|  0%| F|  |TAMS 0x0000000420800000| PB 0x0000000420800000| Untracked 
|  61|0x0000000421000000, 0x0000000421000000, 0x0000000421800000|  0%| F|  |TAMS 0x0000000421000000| PB 0x0000000421000000| Untracked 
|  62|0x0000000421800000, 0x0000000421800000, 0x0000000422000000|  0%| F|  |TAMS 0x0000000421800000| PB 0x0000000421800000| Untracked 
|  63|0x0000000422000000, 0x0000000422000000, 0x0000000422800000|  0%| F|  |TAMS 0x0000000422000000| PB 0x0000000422000000| Untracked 
|  64|0x0000000422800000, 0x0000000422800000, 0x0000000423000000|  0%| F|  |TAMS 0x0000000422800000| PB 0x0000000422800000| Untracked 
|  65|0x0000000423000000, 0x0000000423000000, 0x0000000423800000|  0%| F|  |TAMS 0x0000000423000000| PB 0x0000000423000000| Untracked 
|  66|0x0000000423800000, 0x0000000423800000, 0x0000000424000000|  0%| F|  |TAMS 0x0000000423800000| PB 0x0000000423800000| Untracked 
|  67|0x0000000424000000, 0x0000000424000000, 0x0000000424800000|  0%| F|  |TAMS 0x0000000424000000| PB 0x0000000424000000| Untracked 
|  68|0x0000000424800000, 0x0000000424800000, 0x0000000425000000|  0%| F|  |TAMS 0x0000000424800000| PB 0x0000000424800000| Untracked 
|  69|0x0000000425000000, 0x0000000425000000, 0x0000000425800000|  0%| F|  |TAMS 0x0000000425000000| PB 0x0000000425000000| Untracked 
|  70|0x0000000425800000, 0x0000000425800000, 0x0000000426000000|  0%| F|  |TAMS 0x0000000425800000| PB 0x0000000425800000| Untracked 
|  71|0x0000000426000000, 0x0000000426000000, 0x0000000426800000|  0%| F|  |TAMS 0x0000000426000000| PB 0x0000000426000000| Untracked 
|  72|0x0000000426800000, 0x0000000426800000, 0x0000000427000000|  0%| F|  |TAMS 0x0000000426800000| PB 0x0000000426800000| Untracked 
|  73|0x0000000427000000, 0x0000000427000000, 0x0000000427800000|  0%| F|  |TAMS 0x0000000427000000| PB 0x0000000427000000| Untracked 
|  74|0x0000000427800000, 0x0000000427800000, 0x0000000428000000|  0%| F|  |TAMS 0x0000000427800000| PB 0x0000000427800000| Untracked 
|  75|0x0000000428000000, 0x0000000428000000, 0x0000000428800000|  0%| F|  |TAMS 0x0000000428000000| PB 0x0000000428000000| Untracked 
|  76|0x0000000428800000, 0x0000000428800000, 0x0000000429000000|  0%| F|  |TAMS 0x0000000428800000| PB 0x0000000428800000| Untracked 
|  77|0x0000000429000000, 0x0000000429000000, 0x0000000429800000|  0%| F|  |TAMS 0x0000000429000000| PB 0x0000000429000000| Untracked 
|  78|0x0000000429800000, 0x0000000429800000, 0x000000042a000000|  0%| F|  |TAMS 0x0000000429800000| PB 0x0000000429800000| Untracked 
|  79|0x000000042a000000, 0x000000042a000000, 0x000000042a800000|  0%| F|  |TAMS 0x000000042a000000| PB 0x000000042a000000| Untracked 
|  80|0x000000042a800000, 0x000000042a800000, 0x000000042b000000|  0%| F|  |TAMS 0x000000042a800000| PB 0x000000042a800000| Untracked 
|  81|0x000000042b000000, 0x000000042b000000, 0x000000042b800000|  0%| F|  |TAMS 0x000000042b000000| PB 0x000000042b000000| Untracked 
|  82|0x000000042b800000, 0x000000042b800000, 0x000000042c000000|  0%| F|  |TAMS 0x000000042b800000| PB 0x000000042b800000| Untracked 
|  83|0x000000042c000000, 0x000000042c000000, 0x000000042c800000|  0%| F|  |TAMS 0x000000042c000000| PB 0x000000042c000000| Untracked 
|  84|0x000000042c800000, 0x000000042c800000, 0x000000042d000000|  0%| F|  |TAMS 0x000000042c800000| PB 0x000000042c800000| Untracked 
|  85|0x000000042d000000, 0x000000042d000000, 0x000000042d800000|  0%| F|  |TAMS 0x000000042d000000| PB 0x000000042d000000| Untracked 
|  86|0x000000042d800000, 0x000000042d800000, 0x000000042e000000|  0%| F|  |TAMS 0x000000042d800000| PB 0x000000042d800000| Untracked 
|  87|0x000000042e000000, 0x000000042e000000, 0x000000042e800000|  0%| F|  |TAMS 0x000000042e000000| PB 0x000000042e000000| Untracked 
|  88|0x000000042e800000, 0x000000042e800000, 0x000000042f000000|  0%| F|  |TAMS 0x000000042e800000| PB 0x000000042e800000| Untracked 
|  89|0x000000042f000000, 0x000000042f000000, 0x000000042f800000|  0%| F|  |TAMS 0x000000042f000000| PB 0x000000042f000000| Untracked 
|  90|0x000000042f800000, 0x000000042f800000, 0x0000000430000000|  0%| F|  |TAMS 0x000000042f800000| PB 0x000000042f800000| Untracked 
|  91|0x0000000430000000, 0x0000000430000000, 0x0000000430800000|  0%| F|  |TAMS 0x0000000430000000| PB 0x0000000430000000| Untracked 
|  92|0x0000000430800000, 0x0000000430800000, 0x0000000431000000|  0%| F|  |TAMS 0x0000000430800000| PB 0x0000000430800000| Untracked 
|  93|0x0000000431000000, 0x0000000431000000, 0x0000000431800000|  0%| F|  |TAMS 0x0000000431000000| PB 0x0000000431000000| Untracked 
|  94|0x0000000431800000, 0x0000000431800000, 0x0000000432000000|  0%| F|  |TAMS 0x0000000431800000| PB 0x0000000431800000| Untracked 
|  95|0x0000000432000000, 0x0000000432000000, 0x0000000432800000|  0%| F|  |TAMS 0x0000000432000000| PB 0x0000000432000000| Untracked 
|  96|0x0000000432800000, 0x0000000432800000, 0x0000000433000000|  0%| F|  |TAMS 0x0000000432800000| PB 0x0000000432800000| Untracked 
|  97|0x0000000433000000, 0x0000000433000000, 0x0000000433800000|  0%| F|  |TAMS 0x0000000433000000| PB 0x0000000433000000| Untracked 
|  98|0x0000000433800000, 0x0000000433800000, 0x0000000434000000|  0%| F|  |TAMS 0x0000000433800000| PB 0x0000000433800000| Untracked 
|  99|0x0000000434000000, 0x0000000434000000, 0x0000000434800000|  0%| F|  |TAMS 0x0000000434000000| PB 0x0000000434000000| Untracked 
| 100|0x0000000434800000, 0x0000000434800000, 0x0000000435000000|  0%| F|  |TAMS 0x0000000434800000| PB 0x0000000434800000| Untracked 
| 101|0x0000000435000000, 0x0000000435000000, 0x0000000435800000|  0%| F|  |TAMS 0x0000000435000000| PB 0x0000000435000000| Untracked 
| 102|0x0000000435800000, 0x0000000435800000, 0x0000000436000000|  0%| F|  |TAMS 0x0000000435800000| PB 0x0000000435800000| Untracked 
| 103|0x0000000436000000, 0x0000000436000000, 0x0000000436800000|  0%| F|  |TAMS 0x0000000436000000| PB 0x0000000436000000| Untracked 
| 104|0x0000000436800000, 0x0000000436800000, 0x0000000437000000|  0%| F|  |TAMS 0x0000000436800000| PB 0x0000000436800000| Untracked 
| 105|0x0000000437000000, 0x0000000437000000, 0x0000000437800000|  0%| F|  |TAMS 0x0000000437000000| PB 0x0000000437000000| Untracked 
| 106|0x0000000437800000, 0x0000000437800000, 0x0000000438000000|  0%| F|  |TAMS 0x0000000437800000| PB 0x0000000437800000| Untracked 
| 107|0x0000000438000000, 0x0000000438000000, 0x0000000438800000|  0%| F|  |TAMS 0x0000000438000000| PB 0x0000000438000000| Untracked 
| 108|0x0000000438800000, 0x0000000438800000, 0x0000000439000000|  0%| F|  |TAMS 0x0000000438800000| PB 0x0000000438800000| Untracked 
| 109|0x0000000439000000, 0x0000000439000000, 0x0000000439800000|  0%| F|  |TAMS 0x0000000439000000| PB 0x0000000439000000| Untracked 
| 110|0x0000000439800000, 0x0000000439800000, 0x000000043a000000|  0%| F|  |TAMS 0x0000000439800000| PB 0x0000000439800000| Untracked 
| 111|0x000000043a000000, 0x000000043a000000, 0x000000043a800000|  0%| F|  |TAMS 0x000000043a000000| PB 0x000000043a000000| Untracked 
| 112|0x000000043a800000, 0x000000043a800000, 0x000000043b000000|  0%| F|  |TAMS 0x000000043a800000| PB 0x000000043a800000| Untracked 
| 113|0x000000043b000000, 0x000000043b000000, 0x000000043b800000|  0%| F|  |TAMS 0x000000043b000000| PB 0x000000043b000000| Untracked 
| 114|0x000000043b800000, 0x000000043b800000, 0x000000043c000000|  0%| F|  |TAMS 0x000000043b800000| PB 0x000000043b800000| Untracked 
| 115|0x000000043c000000, 0x000000043c000000, 0x000000043c800000|  0%| F|  |TAMS 0x000000043c000000| PB 0x000000043c000000| Untracked 
| 116|0x000000043c800000, 0x000000043c800000, 0x000000043d000000|  0%| F|  |TAMS 0x000000043c800000| PB 0x000000043c800000| Untracked 
| 117|0x000000043d000000, 0x000000043d000000, 0x000000043d800000|  0%| F|  |TAMS 0x000000043d000000| PB 0x000000043d000000| Untracked 
| 118|0x000000043d800000, 0x000000043d800000, 0x000000043e000000|  0%| F|  |TAMS 0x000000043d800000| PB 0x000000043d800000| Untracked 
| 119|0x000000043e000000, 0x000000043e000000, 0x000000043e800000|  0%| F|  |TAMS 0x000000043e000000| PB 0x000000043e000000| Untracked 
| 120|0x000000043e800000, 0x000000043e800000, 0x000000043f000000|  0%| F|  |TAMS 0x000000043e800000| PB 0x000000043e800000| Untracked 
| 121|0x000000043f000000, 0x000000043f000000, 0x000000043f800000|  0%| F|  |TAMS 0x000000043f000000| PB 0x000000043f000000| Untracked 
| 122|0x000000043f800000, 0x000000043f800000, 0x0000000440000000|  0%| F|  |TAMS 0x000000043f800000| PB 0x000000043f800000| Untracked 
| 123|0x0000000440000000, 0x0000000440000000, 0x0000000440800000|  0%| F|  |TAMS 0x0000000440000000| PB 0x0000000440000000| Untracked 
| 124|0x0000000440800000, 0x0000000440800000, 0x0000000441000000|  0%| F|  |TAMS 0x0000000440800000| PB 0x0000000440800000| Untracked 
| 125|0x0000000441000000, 0x0000000441000000, 0x0000000441800000|  0%| F|  |TAMS 0x0000000441000000| PB 0x0000000441000000| Untracked 
| 126|0x0000000441800000, 0x0000000441dfae40, 0x0000000442000000| 74%| E|  |TAMS 0x0000000441800000| PB 0x0000000441800000| Complete 
| 127|0x0000000442000000, 0x0000000442800000, 0x0000000442800000|100%| E|CS|TAMS 0x0000000442000000| PB 0x0000000442000000| Complete 

Card table byte_map: [0x00000197420e0000,0x00000197440d0000] _byte_map_base: 0x00000197400cc000

Marking Bits: (CMBitMap*) 0x000001973ff705b0
 Bits: [0x00000197440d0000, 0x0000019754030000)

Polling page: 0x0000019729d70000

Metaspace:

Usage:
  Non-class:      2.32 MB used.
      Class:    228.77 KB used.
       Both:      2.55 MB used.

Virtual space:
  Non-class space:       64.00 MB reserved,       2.38 MB (  4%) committed,  1 nodes.
      Class space:        1.00 GB reserved,     320.00 KB ( <1%) committed,  1 nodes.
             Both:        1.06 GB reserved,       2.69 MB ( <1%) committed. 

Chunk freelists:
   Non-Class:  11.88 MB
       Class:  15.73 MB
        Both:  27.60 MB

MaxMetaspaceSize: unlimited
CompressedClassSpaceSize: 1.00 GB
Initial GC threshold: 21.00 MB
Current GC threshold: 21.00 MB
CDS: on
 - commit_granule_bytes: 65536.
 - commit_granule_words: 8192.
 - virtual_space_node_default_size: 8388608.
 - enlarge_chunks_in_place: 1.
 - use_allocation_guard: 0.


Internal statistics:

num_allocs_failed_limit: 0.
num_arena_births: 22.
num_arena_deaths: 0.
num_vsnodes_births: 2.
num_vsnodes_deaths: 0.
num_space_committed: 43.
num_space_uncommitted: 0.
num_chunks_returned_to_freelist: 0.
num_chunks_taken_from_freelist: 30.
num_chunk_merges: 0.
num_chunk_splits: 21.
num_chunks_enlarged: 16.
num_inconsistent_stats: 0.

CodeHeap 'non-profiled nmethods': size=119168Kb used=128Kb max_used=128Kb free=119039Kb
 bounds [0x0000019737ff0000, 0x0000019738260000, 0x000001973f450000]
CodeHeap 'profiled nmethods': size=119104Kb used=672Kb max_used=672Kb free=118431Kb
 bounds [0x0000019730450000, 0x00000197306c0000, 0x00000197378a0000]
CodeHeap 'non-nmethods': size=7488Kb used=2477Kb max_used=2491Kb free=5010Kb
 bounds [0x00000197378a0000, 0x0000019737b20000, 0x0000019737ff0000]
 total_blobs=868 nmethods=464 adapters=307
 compilation: enabled
              stopped_count=0, restarted_count=0
 full_count=0

Compilation events (20 events):
Event: 0.213 Thread 0x000001975720d1f0  291       3       java.lang.System::allowSecurityManager (13 bytes)
Event: 0.213 Thread 0x000001975732d1e0 nmethod 290 0x00000197304a9c10 code [0x00000197304a9dc0, 0x00000197304a9f30]
Event: 0.213 Thread 0x000001975732d1e0  284       3       jdk.internal.util.ArraysSupport::vectorizedHashCode (158 bytes)
Event: 0.213 Thread 0x000001975720d1f0 nmethod 291 0x00000197304aa010 code [0x00000197304aa1a0, 0x00000197304aa2a0]
Event: 0.213 Thread 0x000001975720d1f0  288       3       java.lang.String::equalsIgnoreCase (45 bytes)
Event: 0.213 Thread 0x000001975732f3f0 

Event: 0.213 Thread 0x000001975732f3f0  292       4       java.lang.String::hashCode (60 bytes)
Event: 0.213 Thread 0x000001975732ed20 nmethod 289 0x00000197304aa310 code [0x00000197304aa4e0, 0x00000197304aa818]
Event: 0.213 Thread 0x000001975732ed20  293       3       java.lang.System::checkKey (34 bytes)
Event: 0.213 Thread 0x000001975732d1e0 nmethod 284 0x00000197304aa910 code [0x00000197304aac20, 0x00000197304abc48]
Event: 0.213 Thread 0x000001975732d1e0  286       3       java.lang.StringLatin1::canEncode (13 bytes)
Event: 0.213 Thread 0x000001975732ed20 nmethod 293 0x00000197304ac010 code [0x00000197304ac200, 0x00000197304ac5c8]
Event: 0.213 Thread 0x000001975720d1f0 nmethod 288 0x00000197304ac790 code [0x00000197304ac980, 0x00000197304aced0]
Event: 0.213 Thread 0x000001975732d1e0 nmethod 286 0x00000197304ad090 code [0x00000197304ad220, 0x00000197304ad360]
Event: 0.214 Thread 0x000001975720d1f0  296       1       sun.instrument.TransformerManager$TransformerInfo::transformer (5 bytes)
Event: 0.214 Thread 0x000001975720d1f0 nmethod 296 0x0000019738007710 code [0x00000197380078a0, 0x0000019738007970]
Event: 0.217 Thread 0x000001975720d1f0  297       3       java.lang.StringLatin1::hashCode (52 bytes)
Event: 0.218 Thread 0x000001975732ed20  298       3       java.util.HashMap::put (13 bytes)
Event: 0.218 Thread 0x000001975720d1f0 nmethod 297 0x00000197304ad410 code [0x00000197304ad5e0, 0x00000197304ad818]
Event: 0.218 Thread 0x000001975732ed20 nmethod 298 0x00000197304ad910 code [0x00000197304adae0, 0x00000197304adde8]

GC Heap History (0 events):
No events

Dll operation events (3 events):
Event: 0.015 Loaded shared library C:\Users\Kolter.Saurey\.gradle\jdks\jetbrains_s_r_o_-21-amd64-windows.2\bin\java.dll
Event: 0.016 Loaded shared library C:\Users\Kolter.Saurey\.gradle\jdks\jetbrains_s_r_o_-21-amd64-windows.2\bin\zip.dll
Event: 0.047 Loaded shared library C:\Users\Kolter.Saurey\.gradle\jdks\jetbrains_s_r_o_-21-amd64-windows.2\bin\jsvml.dll

Deoptimization events (0 events):
No events

Classes loaded (20 events):
Event: 0.214 Loading class jdk/internal/event/Event
Event: 0.215 Loading class com/intellij/rt/debugger/agent/CollectionBreakpointInstrumentor$ConcurrentIdentityHashMap
Event: 0.215 Loading class com/intellij/rt/debugger/agent/CollectionBreakpointInstrumentor$ConcurrentIdentityHashMap done
Event: 0.215 Loading class jdk/internal/event/Event done
Event: 0.215 Loading class jdk/internal/event/ThreadSleepEvent done
Event: 0.216 Loading class com/intellij/rt/debugger/agent/CollectionBreakpointInstrumentor$KnownMethodsSet
Event: 0.216 Loading class com/intellij/rt/debugger/agent/CollectionBreakpointInstrumentor$KnownMethodsSet done
Event: 0.216 Loading class com/intellij/rt/debugger/agent/CollectionBreakpointInstrumentor$ImmutableMethod
Event: 0.216 Loading class com/intellij/rt/debugger/agent/CollectionBreakpointInstrumentor$KnownMethod
Event: 0.217 Loading class com/intellij/rt/debugger/agent/CollectionBreakpointInstrumentor$KnownMethod done
Event: 0.217 Loading class com/intellij/rt/debugger/agent/CollectionBreakpointInstrumentor$ImmutableMethod done
Event: 0.217 Loading class com/intellij/rt/debugger/agent/CollectionBreakpointInstrumentor$ReturnsBooleanMethod
Event: 0.217 Loading class com/intellij/rt/debugger/agent/CollectionBreakpointInstrumentor$ReturnsBooleanMethod done
Event: 0.218 Loading class com/intellij/rt/debugger/agent/CollectionBreakpointInstrumentor$PutMethod
Event: 0.218 Loading class com/intellij/rt/debugger/agent/CollectionBreakpointInstrumentor$PutMethod done
Event: 0.218 Loading class com/intellij/rt/debugger/agent/CollectionBreakpointInstrumentor$RemoveKeyMethod
Event: 0.218 Loading class com/intellij/rt/debugger/agent/CollectionBreakpointInstrumentor$RemoveKeyMethod done
Event: 0.218 Loading class com/intellij/rt/debugger/agent/CollectionBreakpointInstrumentor$CollectionBreakpointTransformer
Event: 0.219 Loading class com/intellij/rt/debugger/agent/CollectionBreakpointInstrumentor$CollectionBreakpointTransformer done
Event: 0.219 Loading class com/intellij/rt/debugger/agent/SpilledVariablesTransformer

Classes unloaded (0 events):
No events

Classes redefined (20 events):
Event: 0.191 Thread 0x00000197400e86c0 redefined class name=java.lang.NoSuchFieldException, count=1
Event: 0.191 Thread 0x00000197400e86c0 redefined class name=java.lang.ArithmeticException, count=1
Event: 0.191 Thread 0x00000197400e86c0 redefined class name=java.lang.NullPointerException, count=1
Event: 0.191 Thread 0x00000197400e86c0 redefined class name=java.lang.NoSuchMethodException, count=1
Event: 0.191 Thread 0x00000197400e86c0 redefined class name=java.lang.IllegalMonitorStateException, count=1
Event: 0.191 Thread 0x00000197400e86c0 redefined class name=java.lang.IllegalArgumentException, count=1
Event: 0.191 Thread 0x00000197400e86c0 redefined class name=java.lang.ClassNotFoundException, count=1
Event: 0.191 Thread 0x00000197400e86c0 redefined class name=java.lang.LinkageError, count=1
Event: 0.191 Thread 0x00000197400e86c0 redefined class name=java.lang.IncompatibleClassChangeError, count=1
Event: 0.191 Thread 0x00000197400e86c0 redefined class name=java.lang.NoSuchMethodError, count=1
Event: 0.192 Thread 0x00000197400e86c0 redefined class name=java.lang.ClassCastException, count=1
Event: 0.192 Thread 0x00000197400e86c0 redefined class name=java.lang.NoClassDefFoundError, count=1
Event: 0.192 Thread 0x00000197400e86c0 redefined class name=java.lang.VirtualMachineError, count=1
Event: 0.192 Thread 0x00000197400e86c0 redefined class name=java.lang.InternalError, count=1
Event: 0.192 Thread 0x00000197400e86c0 redefined class name=java.lang.OutOfMemoryError, count=1
Event: 0.192 Thread 0x00000197400e86c0 redefined class name=java.lang.StackOverflowError, count=1
Event: 0.192 Thread 0x00000197400e86c0 redefined class name=java.lang.BootstrapMethodError, count=1
Event: 0.192 Thread 0x00000197400e86c0 redefined class name=java.lang.ArrayStoreException, count=1
Event: 0.192 Thread 0x00000197400e86c0 redefined class name=java.lang.InterruptedException, count=1
Event: 0.192 Thread 0x00000197400e86c0 redefined class name=java.io.IOException, count=1

Internal exceptions (2 events):
Event: 0.140 Thread 0x000001972bff7b70 Exception <a 'java/lang/NoSuchMethodError'{0x000000044253c358}: 'void java.lang.invoke.DirectMethodHandle$Holder.invokeStatic(java.lang.Object, java.lang.Object, java.lang.Object)'> (0x000000044253c358) 
thrown [s\src\hotspot\share\interpreter\linkResolver.cpp, line 784]
Event: 0.145 Thread 0x000001972bff7b70 Exception <a 'java/lang/NoSuchMethodError'{0x0000000442553f60}: 'java.lang.Object java.lang.invoke.Invokers$Holder.invokeExact_MT(java.lang.Object, java.lang.Object, java.lang.Object, java.lang.Object, java.lang.Object)'> (0x0000000442553f60) 
thrown [s\src\hotspot\share\interpreter\linkResolver.cpp, line 784]

ZGC Phase Switch (0 events):
No events

VM Operations (10 events):
Event: 0.101 Executing VM operation: HandshakeAllThreads (Deoptimize)
Event: 0.101 Executing VM operation: HandshakeAllThreads (Deoptimize) done
Event: 0.136 Executing VM operation: ChangeBreakpoints
Event: 0.136 Executing VM operation: ChangeBreakpoints done
Event: 0.136 Executing VM operation: ChangeBreakpoints
Event: 0.137 Executing VM operation: ChangeBreakpoints done
Event: 0.191 Executing VM operation: RedefineClasses (Heap Inspection Initiated GC)
Event: 0.199 Executing VM operation: RedefineClasses (Heap Inspection Initiated GC) done
Event: 0.211 Executing VM operation: get/set locals
Event: 0.211 Executing VM operation: get/set locals done

Memory protections (0 events):
No events

Nmethod flushes (0 events):
No events

Events (18 events):
Event: 0.032 Thread 0x000001972bff7b70 Thread added: 0x000001972bff7b70
Event: 0.045 Thread 0x000001972bff7b70 Thread added: 0x00000197571cf040
Event: 0.045 Thread 0x000001972bff7b70 Thread added: 0x00000197571cfb90
Event: 0.045 Thread 0x000001972bff7b70 Thread added: 0x00000197571d26e0
Event: 0.045 Thread 0x000001972bff7b70 Thread added: 0x00000197571d4870
Event: 0.045 Thread 0x000001972bff7b70 Thread added: 0x00000197571d7cf0
Event: 0.045 Thread 0x000001972bff7b70 Thread added: 0x00000197571d5c20
Event: 0.045 Thread 0x000001972bff7b70 Thread added: 0x000001975720bbf0
Event: 0.045 Thread 0x000001972bff7b70 Thread added: 0x000001975720d1f0
Event: 0.096 Thread 0x000001972bff7b70 Thread added: 0x00000197571d62b0
Event: 0.101 Thread 0x000001975720d1f0 Thread added: 0x000001975732ed20
Event: 0.102 Thread 0x000001975720d1f0 Thread added: 0x000001975732d1e0
Event: 0.106 Thread 0x000001975720bbf0 Thread added: 0x000001975732f3f0
Event: 0.114 Thread 0x000001972bff7b70 Thread added: 0x0000019757446300
Event: 0.114 Thread 0x000001972bff7b70 Thread added: 0x000001975746b700
Event: 0.115 Thread 0x0000019757446300 Thread added: 0x000001975747c250
Event: 0.139 Loaded shared library C:\Users\Kolter.Saurey\.gradle\jdks\jetbrains_s_r_o_-21-amd64-windows.2\bin\instrument.dll
Event: 0.214 Thread 0x000001972bff7b70 Thread added: 0x00000197571d6940


Dynamic libraries:
0x00007ff698050000 - 0x00007ff69805a000 	C:\Users\Kolter.Saurey\.gradle\jdks\jetbrains_s_r_o_-21-amd64-windows.2\bin\java.exe
0x00007ffd7a360000 - 0x00007ffd7a5c8000 	C:\WINDOWS\SYSTEM32\ntdll.dll
0x00007ffd782f0000 - 0x00007ffd783b9000 	C:\WINDOWS\System32\KERNEL32.DLL
0x00007ffd77780000 - 0x00007ffd77b6d000 	C:\WINDOWS\System32\KERNELBASE.dll
0x00007ffd77d80000 - 0x00007ffd77ecb000 	C:\WINDOWS\System32\ucrtbase.dll
0x00007ffd65d10000 - 0x00007ffd65d2b000 	C:\Users\Kolter.Saurey\.gradle\jdks\jetbrains_s_r_o_-21-amd64-windows.2\bin\VCRUNTIME140.dll
0x00007ffd6ba40000 - 0x00007ffd6ba58000 	C:\Users\Kolter.Saurey\.gradle\jdks\jetbrains_s_r_o_-21-amd64-windows.2\bin\jli.dll
0x00007ffd791e0000 - 0x00007ffd793ac000 	C:\WINDOWS\System32\USER32.dll
0x00007ffd55860000 - 0x00007ffd55afa000 	C:\WINDOWS\WinSxS\amd64_microsoft.windows.common-controls_6595b64144ccf1df_6.0.26100.4484_none_3e0e6d4ce32ef3b3\COMCTL32.dll
0x00007ffd77c10000 - 0x00007ffd77c37000 	C:\WINDOWS\System32\win32u.dll
0x00007ffd7a0d0000 - 0x00007ffd7a179000 	C:\WINDOWS\System32\msvcrt.dll
0x00007ffd7a2f0000 - 0x00007ffd7a31b000 	C:\WINDOWS\System32\GDI32.dll
0x00007ffd77c40000 - 0x00007ffd77d77000 	C:\WINDOWS\System32\gdi32full.dll
0x00007ffd77ed0000 - 0x00007ffd77f73000 	C:\WINDOWS\System32\msvcp_win.dll
0x00007ffd7a230000 - 0x00007ffd7a25f000 	C:\WINDOWS\System32\IMM32.DLL
0x00007ffd72850000 - 0x00007ffd7285c000 	C:\Users\Kolter.Saurey\.gradle\jdks\jetbrains_s_r_o_-21-amd64-windows.2\bin\vcruntime140_1.dll
0x00007ffd5da20000 - 0x00007ffd5daad000 	C:\Users\Kolter.Saurey\.gradle\jdks\jetbrains_s_r_o_-21-amd64-windows.2\bin\msvcp140.dll
0x00007ffcf4160000 - 0x00007ffcf4f21000 	C:\Users\Kolter.Saurey\.gradle\jdks\jetbrains_s_r_o_-21-amd64-windows.2\bin\server\jvm.dll
0x00007ffd787d0000 - 0x00007ffd78884000 	C:\WINDOWS\System32\ADVAPI32.dll
0x00007ffd7a180000 - 0x00007ffd7a226000 	C:\WINDOWS\System32\sechost.dll
0x00007ffd79520000 - 0x00007ffd79638000 	C:\WINDOWS\System32\RPCRT4.dll
0x00007ffd7a270000 - 0x00007ffd7a2e4000 	C:\WINDOWS\System32\WS2_32.dll
0x00007ffd66b70000 - 0x00007ffd66b7b000 	C:\WINDOWS\SYSTEM32\VERSION.dll
0x00007ffd6c640000 - 0x00007ffd6c675000 	C:\WINDOWS\SYSTEM32\WINMM.dll
0x00007ffd76c60000 - 0x00007ffd76cbe000 	C:\WINDOWS\SYSTEM32\POWRPROF.dll
0x00007ffd76c40000 - 0x00007ffd76c54000 	C:\WINDOWS\SYSTEM32\UMPDC.dll
0x00007ffd760e0000 - 0x00007ffd760fb000 	C:\WINDOWS\SYSTEM32\kernel.appcore.dll
0x00007ffd6ba30000 - 0x00007ffd6ba3a000 	C:\Users\Kolter.Saurey\.gradle\jdks\jetbrains_s_r_o_-21-amd64-windows.2\bin\jimage.dll
0x00007ffd74920000 - 0x00007ffd74b61000 	C:\WINDOWS\SYSTEM32\DBGHELP.DLL
0x00007ffd78440000 - 0x00007ffd787c6000 	C:\WINDOWS\System32\combase.dll
0x00007ffd79820000 - 0x00007ffd79900000 	C:\WINDOWS\System32\OLEAUT32.dll
0x00007ffd4b650000 - 0x00007ffd4b693000 	C:\WINDOWS\SYSTEM32\dbgcore.DLL
0x00007ffd77b70000 - 0x00007ffd77c09000 	C:\WINDOWS\System32\bcryptPrimitives.dll
0x00007ffd5e630000 - 0x00007ffd5e66c000 	C:\Users\Kolter.Saurey\.gradle\jdks\jetbrains_s_r_o_-21-amd64-windows.2\bin\jdwp.dll
0x00007ffd65d00000 - 0x00007ffd65d0e000 	C:\Users\Kolter.Saurey\.gradle\jdks\jetbrains_s_r_o_-21-amd64-windows.2\bin\instrument.dll
0x00007ffd623a0000 - 0x00007ffd623c0000 	C:\Users\Kolter.Saurey\.gradle\jdks\jetbrains_s_r_o_-21-amd64-windows.2\bin\java.dll
0x00007ffd5fbd0000 - 0x00007ffd5fbe8000 	C:\Users\Kolter.Saurey\.gradle\jdks\jetbrains_s_r_o_-21-amd64-windows.2\bin\zip.dll
0x00007ffd79920000 - 0x00007ffd7a06a000 	C:\WINDOWS\System32\SHELL32.dll
0x00007ffd77540000 - 0x00007ffd776b4000 	C:\WINDOWS\System32\wintypes.dll
0x00007ffd74d70000 - 0x00007ffd755cb000 	C:\WINDOWS\SYSTEM32\windows.storage.dll
0x00007ffd78a40000 - 0x00007ffd78b35000 	C:\WINDOWS\System32\SHCORE.dll
0x00007ffd783d0000 - 0x00007ffd7843a000 	C:\WINDOWS\System32\shlwapi.dll
0x00007ffd773c0000 - 0x00007ffd773ef000 	C:\WINDOWS\SYSTEM32\profapi.dll
0x00007ffd358c0000 - 0x00007ffd35997000 	C:\Users\Kolter.Saurey\.gradle\jdks\jetbrains_s_r_o_-21-amd64-windows.2\bin\jsvml.dll
0x00007ffd62440000 - 0x00007ffd6244b000 	C:\Users\Kolter.Saurey\.gradle\jdks\jetbrains_s_r_o_-21-amd64-windows.2\bin\dt_socket.dll
0x00007ffd75930000 - 0x00007ffd75963000 	C:\WINDOWS\SYSTEM32\IPHLPAPI.DLL
0x00007ffd76780000 - 0x00007ffd767ea000 	C:\WINDOWS\system32\mswsock.dll
0x00007ffd5fbc0000 - 0x00007ffd5fbd0000 	C:\Users\Kolter.Saurey\.gradle\jdks\jetbrains_s_r_o_-21-amd64-windows.2\bin\net.dll
0x00007ffd76100000 - 0x00007ffd7621e000 	C:\WINDOWS\SYSTEM32\WINHTTP.dll
0x00007ffd5edf0000 - 0x00007ffd5ee06000 	C:\Users\Kolter.Saurey\.gradle\jdks\jetbrains_s_r_o_-21-amd64-windows.2\bin\nio.dll

dbghelp: loaded successfully - version: 4.0.5 - missing functions: none
symbol engine: initialized successfully - sym options: 0x614 - pdb path: .;C:\Users\Kolter.Saurey\.gradle\jdks\jetbrains_s_r_o_-21-amd64-windows.2\bin;C:\WINDOWS\SYSTEM32;C:\WINDOWS\WinSxS\amd64_microsoft.windows.common-controls_6595b64144ccf1df_6.0.26100.4484_none_3e0e6d4ce32ef3b3;C:\Users\Kolter.Saurey\.gradle\jdks\jetbrains_s_r_o_-21-amd64-windows.2\bin\server

VM Arguments:
jvm_args: -Dcompose.reload.argfile=C:\Users\Kolter.Saurey\kolter\usu\cs5700\assignments\ShipmentTrackingSimulator\composeApp\build\run\desktopMain\desktopMain.argfile -Dcompose.reload.build.continuous=true -Dcompose.reload.buildSystem=Gradle -Dcompose.reload.devToolsClasspath=C:\Users\Kolter.Saurey\.gradle\caches\modules-2\files-2.1\org.jetbrains.compose.hot-reload\hot-reload-devtools\1.0.0-alpha11\7271425ca174e47a07c9c9e548f740368134ca61\hot-reload-devtools-1.0.0-alpha11.jar;C:\Users\Kolter.Saurey\.gradle\caches\modules-2\files-2.1\org.jetbrains.compose.hot-reload\hot-reload-runtime-api-jvm\1.0.0-alpha11\e784fec47791cba1a21f056aed2408a90bb72576\hot-reload-runtime-api-jvm-1.0.0-alpha11.jar;C:\Users\Kolter.Saurey\.gradle\caches\modules-2\files-2.1\org.jetbrains.compose.hot-reload\hot-reload-runtime-jvm\1.0.0-alpha11\f62217e3b4ce58047ec1412be4ef66c2ae91edb4\hot-reload-runtime-jvm-1.0.0-alpha11.jar;C:\Users\Kolter.Saurey\.gradle\caches\modules-2\files-2.1\org.jetbrains.compose.desktop\desktop-jvm\1.8.1\7a5516c08efe9fef2e6aa38a10e5fc17fb556148\desktop-jvm-1.8.1.jar;C:\Users\Kolter.Saurey\.gradle\caches\modules-2\files-2.1\org.jetbrains.compose.material3\material3-desktop\1.8.1\763803ef38c846a60dadabe187bd402c5a52222e\material3-desktop-1.8.1.jar;C:\Users\Kolter.Saurey\.gradle\caches\modules-2\files-2.1\org.jetbrains.compose.components\components-resources-desktop\1.8.1\10110d785f486bc13235f40e1d0b91a48b5f3ee6\library-desktop-1.8.1.jar;C:\Users\Kolter.Saurey\.gradle\caches\modules-2\files-2.1\io.sellmair\evas-compose-jvm\1.3.0\1214dcce9040d1b9f856b02b443cf8c2ebe1573a\evas-compose-jvm-1.3.0.jar;C:\Users\Kolter.Saurey\.gradle\caches\modules-2\files-2.1\org.jetbrains.compose.material\material-desktop\1.8.1\ef0aa2ceffba36f64a1ba916c1d0116fd3c383c6\material-desktop-1.8.1.jar;C:\Users\Kolter.Saurey\.gradle\caches\modules-2\files-2.1\org.jetbrains.compose.material\material-ripple-desktop\1.8.1\5364a917218879742c9f08f55791adb3a7c26c8a\material-ripple-desktop-1.8.1.jar;C:\Users\Kolter.Saurey\.gradle\caches\modules-2\files-2.1\org.jetbrains.compose.foundation\foundation-desktop\1.8.1\43f4d514df27ef16c4fbe77807c2a7e12e18b6fd\foundation-desktop-1.8.1.jar;C:\Users\Kolter.Saurey\.gradle\caches\modules-2\files-2.1\org.jetb-Dcompose.reload.devToolsEnabled=true -Dcompose.reload.devToolsHeadless=false -Dcompose.reload.devToolsTransparencyEnabled=true -Dcompose.reload.dirtyResolveDepthLimit=5 -Dcompose.reload.launchMode=GradleBlocking -Dcompose.reload.mainClass=com.shipment_tracking_app.MainKt -Dcompose.reload.pidFile=C:\Users\Kolter.Saurey\kolter\usu\cs5700\assignments\ShipmentTrackingSimulator\composeApp\build\run\desktopMain\desktopMain.pid -Dcompose.reload.virtualMethodResolveEnabled=true -Ddebugger.agent.enable.coroutines=true -Dgradle.build.project=:composeApp -Dgradle.build.root=C:\Users\Kolter.Saurey\kolter\usu\cs5700\assignments\ShipmentTrackingSimulator -Dgradle.build.task=hotReloadDesktopMain -Dkotlinx.coroutines.debug.enable.creation.stack.trace=false -Dkotlinx.coroutines.debug.enable.flows.stack.trace=true -Dkotlinx.coroutines.debug.enable.mutable.state.flows.stack.trace=true -Dorg.gradle.java.home=C:\Users\Kolter.Saurey\.jdks\ms-21.0.7 -agentlib:jdwp=transport=dt_socket,server=n,suspend=y,address=127.0.0.1:51044 -javaagent:C:\Users\Kolter.Saurey\AppData\Local\JetBrains\IntelliJIdea2025.1\captureAgent\debugger-agent.jar=file:///C:/Users/KOLTER~1.SAU/AppData/Local/Temp/capture5013160184243690325.props -XX:+IgnoreUnrecognizedVMOptions -XX:+AllowEnhancedClassRedefinition -javaagent:C:\Users\Kolter.Saurey\.gradle\caches\modules-2\files-2.1\org.jetbrains.compose.hot-reload\hot-reload-agent\1.0.0-alpha11\c4ee8ce7bac236244150134658fff9a6f21443ad\hot-reload-agent-1.0.0-alpha11.jar -javaagent:C:\Users\Kolter.Saurey\.gradle\caches\modules-2\files-2.1\org.jetbrains.kotlinx\kotlinx-coroutines-core-jvm\1.10.2\4a9f78ef49483748e2c129f3d124b8fa249dafbf\kotlinx-coroutines-core-jvm-1.10.2.jar -Dfile.encoding=UTF-8 -Duser.country=US -Duser.language=en -Duser.variant -ea 
java_command: com.shipment_tracking_app.MainKt
java_class_path (initial): C:\Users\Kolter.Saurey\.gradle\caches\modules-2\files-2.1\org.jetbrains.compose.hot-reload\hot-reload-agent\1.0.0-alpha11\c4ee8ce7bac236244150134658fff9a6f21443ad\hot-reload-agent-1.0.0-alpha11.jar;C:\Users\Kolter.Saurey\.gradle\caches\modules-2\files-2.1\org.jetbrains.compose.hot-reload\hot-reload-orchestration\1.0.0-alpha11\e260a9d74bf80c3afeb17e82b53e3b20f0963085\hot-reload-orchestration-1.0.0-alpha11.jar;C:\Users\Kolter.Saurey\.gradle\caches\modules-2\files-2.1\org.jetbrains.compose.hot-reload\hot-reload-analysis\1.0.0-alpha11\5db9c3ab22190a5edcb508013d46fbe79d2a1d08\hot-reload-analysis-1.0.0-alpha11.jar;C:\Users\Kolter.Saurey\.gradle\caches\modules-2\files-2.1\org.jetbrains.compose.hot-reload\hot-reload-core\1.0.0-alpha11\8e14c2cbf8906d1c0f5cd6231b31704537fa6523\hot-reload-core-1.0.0-alpha11.jar;C:\Users\Kolter.Saurey\.gradle\caches\modules-2\files-2.1\org.slf4j\slf4j-api\2.0.17\d9e58ac9c7779ba3bf8142aff6c830617a7fe60f\slf4j-api-2.0.17.jar;C:\Users\Kolter.Saurey\.gradle\caches\modules-2\files-2.1\org.javassist\javassist\3.30.2-GA\284580b5e42dfa1b8267058566435d9e93fae7f7\javassist-3.30.2-GA.jar;C:\Users\Kolter.Saurey\.gradle\caches\modules-2\files-2.1\org.jetbrains.kotlin\kotlin-stdlib\2.1.21\97a0975aa19d925e109537af60eb46902920015c\kotlin-stdlib-2.1.21.jar;C:\Users\Kolter.Saurey\.gradle\caches\modules-2\files-2.1\org.ow2.asm\asm-tree\9.8\18419ca5b77a2f81097c741e7872e6ab8d2f40d\asm-tree-9.8.jar;C:\Users\Kolter.Saurey\.gradle\caches\modules-2\files-2.1\org.ow2.asm\asm\9.8\dc19ecb3f7889b7860697215cae99c0f9b6f6b4b\asm-9.8.jar;C:\Users\Kolter.Saurey\.gradle\caches\modules-2\files-2.1\org.jetbrains\annotations\13.0\919f0dfe192fb4e063e7dacadee7f8bb9a2672a9\annotations-13.0.jar;C:\Users\Kolter.Saurey\kolter\usu\cs5700\assignments\ShipmentTrackingSimulator\composeApp\build\run\desktopMain\classpath\hot;C:\Users\Kolter.Saurey\kolter\usu\cs5700\assignments\ShipmentTrackingSimulator\composeApp\build\run\desktopMain\classpath\classes;C:\Users\Kolter.Saurey\.gradle\caches\modules-2\files-2.1\org.jetbrains.compose.material3\material3-desktop\1.8.2\1f1f838506ceb2c25499517559f120517770b014\material3-desktop-1.8.2.jar;C:\Users\Kolter.Saurey\.gradle\caches\modules-2\files-2.1\org.jetbrains.compose.components\components-resources-desktop\1.8.2\10110d785f486bc13235f40e1d0b91a48b5f3ee6\library-desktop-1.8.2.jar;C:\Users\Kolter.Saurey\.gradle\caches\modules-2\files-2.1\org.jetbrains.compose.desktop\desktop-jvm\1.8.2\61be96a019ac35e8751b08b33856344a24586648\desktop-jvm-1.8.2.jar;C:\Users\Kolter.Saurey\.gradle\caches\modules-2\files-2.1\org.jetbrains.compose.material\material-desktop\1.8.2\7aae6f749a060718d931957a27d495f26b2d4f37\material-desktop-1.8.2.jar;C:\Users\Kolter.Saurey\.gradle\caches\modules-2\files-2.1\org.jetbrains.compose.material\material-ripple-desktop\1.8.2\5c9c96a95930f802de1b611fb610db4a0eff49cf\material-ripple-desktop-1.8.2.jar;C:\Users\Kolter.Saurey\.gradle\caches\modules-2\files-2.1\org.jetbrains.compose.foundation\foundation-desktop\1.8.2\a251fa6042a2647206fb47795485a1ad07a69dd6\foundation-desktop-1.8.2.jar;C:\Users\Kolter.Saurey\.gradle\caches\modules-2\files-2.1\org.jetbrains.compose.animation\animation-desktop\1.8.2\84109f752086843a85325f8aeffa2302b312c948\animation-desktop-1.8.2.jar;C:\Users\Kolter.Saurey\.gradle\caches\modules-2\files-2.1\org.jetbrains.compose.foundation\foundation-layout-desktop\1.8.2\726fa1c81f73f76e89383ada6d9b61fc71bcf07c\foundation-layout-desktop-1.8.2.jar;C:\Users\Kolter.Saurey\.gradle\caches\modules-2\files-2.1\org.jetbrains.compose.animation\animation-core-desktop\1.8.2\ff4a236b5e86b2e12449ae75755048d1a2a99102\animation-core-desktop-1.8.2.jar;C:\Users\Kolter.Saurey\.gradle\caches\modules-2\files-2.1\org.jetbrains.compose.ui\ui-desktop\1.8.2\703540d8fb0705482a06efcf765dcf8f2c1860ab\ui-desktop-1.8.2.jar;C:\Users\Kolter.Saurey\.gradle\caches\modules-2\files-2.1\org.jetbrains.compose.ui\ui-backhandler-desktop\1.8.2\ea4812b145ca9acd8e773aaf645a03873c06b258\ui-backhandler-desktop-1.8.2.jar;C:\Users\Kolter.Saurey\.gradle\caches\modules-2\files-2.1\org.jetbrains.androidx.lifecycle\lifecycle-runtime-compose-desktop\2.9.1\a378afb7b897043e595e3127f6967df20707dff2\lifecycle-runtime-compose-desktop-2.9.1.jar;C:\Users\Kolter.Saurey\.gradle\caches\modules-2\files-2.1\org.jetbrains.compose.hot-reload\hot-reload-runtime-api-jvm\1.0.0-alpha11\e784fec47791cba1a21f056aed2408a90bb72576\hot-reload-runtime-api-jvm-1.0.0-alpha11.jar;C:\Users\Kolter.Saurey\.gradle\caches\modules-2\files-2.1\org.jetbrains.compose.hot-reload\hot-reload-runtime-jvm\1.0.0-alpha11\7595b4fbdc8c1e1ce433c60256188dfda47a6c9e\hot-reload-runtime-jvm-1.0.0-alpha11-dev.jar;C:\Users\Kolter.Saurey\.gradle\caches\modules-2\files-2.1\org.jetbrains.compose.ui\ui-text-desktop\1.8.2\9db545dedb30354f4f9fedce25d58d804eecfbd2\ui-text-desktop-1.8.2.jar;C:\Users\Kolter.Saurey\.gradle\caches\modules-2\files-2.1\org.jetbrains.compose.ui\ui-graphics-desktop\1.8.2\bca771ce391f6f410089f9b68e4af0c53996fcb6\ui-graphics-desktop-1.8.2.jar;C:\Users\Kolter.Saurey\.gradle\caches\modules-2\files-2.1\org.jetbrains.compose.runtime\runtime-saveable-desktop\1.8.2\952c9bfa714b76d73d2cd872ced4d3b58a7dc7c\runtime-saveable-desktop-1.8.2.jar;C:\Users\Kolter.Saurey\.gradle\caches\modules-2\files-2.1\org.jetbrains.compose.ui\ui-unit-desktop\1.8.2\65eee0086e59109657cc7a7ad7569e1be78f1a93\ui-unit-desktop-1.8.2.jar;C:\Users\Kolter.Saurey\.gradle\caches\modules-2\files-2.1\org.jetbrains.compose.ui\ui-geometry-desktop\1.8.2\6301b97db2ec7ea140bf185f0712891cfa1f480d\ui-geometry-desktop-1.8.2.jar;C:\Users\Kolter.Saurey\.gradle\caches\modules-2\files-2.1\org.jetbrains.compose.ui\ui-tooling-preview-desktop\1.8.2\7e1d509da90394d063aef5b444bf218024b13250\ui-tooling-preview-desktop-1.8.2.jar;C:\Users\Kolter.Saurey\.gradle\caches\modules-2\files-2.1\org.jetbrains.compose.runtime\runtime-desktop\1.8.2\7a1668d4c5899a12dae59f4ecc805c3179333538\runtime-desktop-1.8.2.jar;C:\Users\Kolter.Saurey\.gradle\caches\modules-2\files-2.1\androidx.lifecycle\lifecycle-runtime-desktop\2.9.1\c010649ff159d1ff67088df715dee3f05cacbf72\lifecycle-runtime-desktop-2.9.1.jar;C:\Users\Kolter.Saurey\.gradle\caches\modules-2\files-2.1\androidx.lifecycle\lifecycle-common-jvm\2.9.1\ab739bccdb3541983385af169565c7c035d897e7\lifecycle-common-jvm-2.9.1.jar;C:\Users\Kolter.Saurey\.gradle\caches\modules-2\files-2.1\androidx.lifecycle\lifecycle-viewmodel-desktop\2.9.1\18c77caf844dda6e3580fc67a931f395d300001c\lifecycle-viewmodel-desktop-2.9.1.jar;C:\Users\Kolter.Saurey\.gradle\caches\modules-2\files-2.1\org.jetbrains.skiko\skiko-awt-runtime-windows-x64\0.9.4.2\fac06bd2c94db6c4eeb9f44e64290a38e9246da0\skiko-awt-runtime-windows-x64-0.9.4.2.jar;C:\Users\Kolter.Saurey\.gradle\caches\modules-2\files-2.1\org.jetbrains.skiko\skiko-awt\0.9.4.2\1c5d9ec55031cef90d7874c20f001b179a0f656c\skiko-awt-0.9.4.2.jar;C:\Users\Kolter.Saurey\.gradle\caches\modules-2\files-2.1\org.jetbrains.kotlinx\kotlinx-coroutines-core-jvm\1.10.2\4a9f78ef49483748e2c129f3d124b8fa249dafbf\kotlinx-coroutines-core-jvm-1.10.2.jar;C:\Users\Kolter.Saurey\.gradle\caches\modules-2\files-2.1\org.jetbrains.kotlinx\kotlinx-coroutines-swing\1.10.2\ccb5a2e7c83fa76da0ba4677f05678d3bd3eed57\kotlinx-coroutines-swing-1.10.2.jar;C:\Users\Kolter.Saurey\.gradle\caches\modules-2\files-2.1\org.jetbrains.compose.components\components-ui-tooling-preview-desktop\1.8.2\e684b52112f39c196cc4a311a193f55258719170\library-desktop-1.8.2.jar;C:\Users\Kolter.Saurey\.gradle\caches\modules-2\files-2.1\org.jetbrains.compose.ui\ui-util-desktop\1.8.2\2a882d6cfc3d1228c1284ca34a2ebfc2b5ca3815\ui-util-desktop-1.8.2.jar;C:\Users\Kolter.Saurey\.gradle\caches\modules-2\files-2.1\org.jetbrains.kotlin\kotlin-stdlib-jdk8\2.1.21\fb62497994f5cfa4ad41fcff05020c35976307c6\kotlin-stdlib-jdk8-2.1.21.jar;C:\Users\Kolter.Saurey\.gradle\caches\modules-2\files-2.1\org.jetbrains.kotlinx\atomicfu-jvm\0.23.2\a4601dc42dceb031a586058e8356ff778a57dea0\atomicfu-jvm-0.23.2.jar;C:\Users\Kolter.Saurey\.gradle\caches\modules-2\files-2.1\org.jetbrains.kotlinx\kotlinx-datetime-jvm\0.6.0\a6362032556c0fa4a06be6105a21e944f120fd2d\kotlinx-datetime-jvm-0.6.0.jar;C:\Users\Kolter.Saurey\.gradle\caches\modules-2\files-2.1\androidx.arch.core\core-common\2.2.0\5e1b8b81dfd5f52c56a8d53b18ca759c19a301f3\core-common-2.2.0.jar;C:\Users\Kolter.Saurey\.gradle\caches\modules-2\files-2.1\androidx.collection\collection-jvm\1.5.0\7ba2c69414d46ebc2dd76598bdd0a75c54281a57\collection-jvm-1.5.0.jar;C:\Users\Kolter.Saurey\.gradle\caches\modules-2\files-2.1\androidx.annotation\annotation-jvm\1.9.1\b17951747e38bf3986a24431b9ba0d039958aa5f\annotation-jvm-1.9.1.jar;C:\Users\Kolter.Saurey\.gradle\caches\modules-2\files-2.1\org.jetbrains.kotlin\kotlin-stdlib-jdk7\2.1.21\f5e72fe5f9501e0d27ec633beb3996c29641b877\kotlin-stdlib-jdk7-2.1.21.jar;C:\Users\Kolter.Saurey\.gradle\caches\modules-2\files-2.1\org.jetbrains.kotlin\kotlin-stdlib\2.2.0\fdfc65fbc42fda253a26f61dac3c0aca335fae96\kotlin-stdlib-2.2.0.jar;C:\Users\Kolter.Saurey\.gradle\caches\modules-2\files-2.1\org.jetbrains\annotations\23.0.0\8cc20c07506ec18e0834947b84a864bfc094484e\annotations-23.0.0.jar;C:\Users\Kolter.Saurey\.gradle\caches\modules-2\files-2.1\org.jspecify\jspecify\1.0.0\7425a601c1c7ec76645a78d22b8c6a627edee507\jspecify-1.0.0.jar
Launcher Type: SUN_STANDARD

[Global flags]
     bool AllowEnhancedClassRedefinition           = true                                      {product} {command line}
     intx CICompilerCount                          = 12                                        {product} {ergonomic}
     uint ConcGCThreads                            = 4                                         {product} {ergonomic}
     uint G1ConcRefinementThreads                  = 15                                        {product} {ergonomic}
   size_t G1HeapRegionSize                         = 8388608                                   {product} {ergonomic}
    uintx GCDrainStackTargetSize                   = 64                                        {product} {ergonomic}
     bool IgnoreUnrecognizedVMOptions              = true                                      {product} {command line}
   size_t InitialHeapSize                          = 1073741824                                {product} {ergonomic}
   size_t MarkStackSize                            = 4194304                                   {product} {ergonomic}
   size_t MaxHeapSize                              = 17137926144                               {product} {ergonomic}
   size_t MaxNewSize                               = 10276044800                               {product} {ergonomic}
   size_t MinHeapDeltaBytes                        = 8388608                                   {product} {ergonomic}
   size_t MinHeapSize                              = 8388608                                   {product} {ergonomic}
    uintx NonNMethodCodeHeapSize                   = 7602480                                {pd product} {ergonomic}
    uintx NonProfiledCodeHeapSize                  = 122027880                              {pd product} {ergonomic}
    uintx ProfiledCodeHeapSize                     = 122027880                              {pd product} {ergonomic}
    uintx ReservedCodeCacheSize                    = 251658240                              {pd product} {ergonomic}
     bool SegmentedCodeCache                       = true                                      {product} {ergonomic}
   size_t SoftMaxHeapSize                          = 17137926144                            {manageable} {ergonomic}
     bool UseCompressedOops                        = true                           {product lp64_product} {ergonomic}
     bool UseG1GC                                  = true                                      {product} {ergonomic}
     bool UseLargePagesIndividualAllocation        = false                                  {pd product} {ergonomic}

Logging:
Log output configuration:
 #0: stdout all=warning uptime,level,tags foldmultilines=false
 #1: stderr all=off uptime,level,tags foldmultilines=false

Environment Variables:
PATH=C:\WINDOWS\system32;C:\WINDOWS;C:\WINDOWS\System32\Wbem;C:\WINDOWS\System32\WindowsPowerShell\v1.0\;C:\WINDOWS\System32\OpenSSH\;C:\Program Files\dotnet\;C:\Program Files\Calibre2\;C:\Program Files\PuTTY\;C:\Program Files (x86)\SolarWinds\TFTP Server;C:\Program Files\Git\cmd;C:\Program Files\Microsoft SQL Server\150\Tools\Binn\;C:\Program Files\Microsoft SQL Server\Client SDK\ODBC\170\Tools\Binn\;C:\Program Files (x86)\Windows Kits\10\Windows Performance Toolkit\;C:\Program Files (x86)\CMake\bin;c:\Users\Kolter.Saurey\AppData\Local\Programs\cursor\resources\app\bin;C:\Program Files\Neovim\bin;C:\Program Files (x86)\Vector CANdb++ 3.1\Exec32;C:\Users\Kolter.Saurey\AppData\Local\Microsoft\WindowsApps;C:\Users\Kolter.Saurey\AppData\Local\Programs\Microsoft VS Code\bin;C:\Program Files (x86)\SolarWinds;C:\Users\Kolter.Saurey\.dotnet\tools;C:\Users\Kolter.Saurey\AppData\Local\Programs\cursor\resources\app\bin
USERNAME=Kolter.Saurey
OS=Windows_NT
PROCESSOR_IDENTIFIER=Intel64 Family 6 Model 186 Stepping 2, GenuineIntel
TMP=C:\Users\KOLTER~1.SAU\AppData\Local\Temp
TEMP=C:\Users\KOLTER~1.SAU\AppData\Local\Temp




Periodic native trim disabled

JNI global refs:
JNI global refs: 42, weak refs: 1030

JNI global refs memory usage: 7851, weak refs: 11137

Process memory usage:
Resident Set Size: 108620K (0% of 66929144K total physical memory with 40646440K free physical memory)

OOME stack traces (most recent first):
Classloader memory used:
Loader bootstrap                                                                       : 2523K
Loader jdk.internal.loader.ClassLoaders$AppClassLoader                                 : 126K

Classes loaded by more than one classloader:
Class java.lang.IllegalMonitorStateException                                          : loaded 2 times (x 78B)
Class java.lang.InternalError                                                         : loaded 2 times (x 78B)
Class java.lang.OutOfMemoryError                                                      : loaded 2 times (x 78B)
Class java.lang.ArrayStoreException                                                   : loaded 2 times (x 78B)
Class java.io.IOException                                                             : loaded 2 times (x 78B)
Class java.lang.Exception                                                             : loaded 2 times (x 78B)
Class java.lang.ClassNotFoundException                                                : loaded 2 times (x 79B)
Class java.lang.ReflectiveOperationException                                          : loaded 2 times (x 78B)
Class java.lang.VirtualMachineError                                                   : loaded 2 times (x 78B)
Class java.lang.IllegalArgumentException                                              : loaded 2 times (x 78B)
Class java.lang.Error                                                                 : loaded 2 times (x 78B)
Class java.lang.InterruptedException                                                  : loaded 2 times (x 78B)
Class java.lang.LinkageError                                                          : loaded 2 times (x 78B)
Class java.lang.NoSuchMethodError                                                     : loaded 2 times (x 78B)
Class java.lang.ClassCastException                                                    : loaded 2 times (x 78B)
Class java.lang.IncompatibleClassChangeError                                          : loaded 2 times (x 78B)
Class java.lang.BootstrapMethodError                                                  : loaded 2 times (x 78B)
Class java.lang.NoSuchMethodException                                                 : loaded 2 times (x 78B)
Class java.lang.NoClassDefFoundError                                                  : loaded 2 times (x 78B)
Class java.lang.NullPointerException                                                  : loaded 2 times (x 79B)
Class java.lang.StackOverflowError                                                    : loaded 2 times (x 78B)
Class java.lang.RuntimeException                                                      : loaded 2 times (x 78B)
Class java.lang.NoSuchFieldException                                                  : loaded 2 times (x 78B)
Class java.lang.ArithmeticException                                                   : loaded 2 times (x 78B)
Class java.lang.Throwable                                                             : loaded 2 times (x 78B)

---------------  S Y S T E M  ---------------

OS:
 Windows 11 , 64 bit Build 26100 (10.0.26100.4484)
OS uptime: 7 days 20:16 hours
Hyper-V role detected

CPU: total 20 (initial active 20) (10 cores per cpu, 2 threads per core) family 6 model 186 stepping 2 microcode 0x4124, cx8, cmov, fxsr, ht, mmx, 3dnowpref, sse, sse2, sse3, ssse3, sse4.1, sse4.2, popcnt, lzcnt, tsc, tscinvbit, avx, avx2, aes, erms, clmul, bmi1, bmi2, adx, sha, fma, vzeroupper, clflush, clflushopt, clwb, hv, serialize, rdtscp, rdpid, fsrm, f16c, cet_ibt, cet_ss
Processor Information for processor 0
  Max Mhz: 2900, Current Mhz: 2577, Mhz Limit: 2552
Processor Information for processor 1
  Max Mhz: 2900, Current Mhz: 2577, Mhz Limit: 2552
Processor Information for processor 2
  Max Mhz: 2900, Current Mhz: 2577, Mhz Limit: 2552
Processor Information for processor 3
  Max Mhz: 2900, Current Mhz: 2577, Mhz Limit: 2552
Processor Information for processor 4
  Max Mhz: 2900, Current Mhz: 2577, Mhz Limit: 2552
Processor Information for processor 5
  Max Mhz: 2900, Current Mhz: 2577, Mhz Limit: 2552
Processor Information for processor 6
  Max Mhz: 2900, Current Mhz: 2577, Mhz Limit: 2552
Processor Information for processor 7
  Max Mhz: 2900, Current Mhz: 2577, Mhz Limit: 2552
Processor Information for processor 8
  Max Mhz: 2900, Current Mhz: 2577, Mhz Limit: 2552
Processor Information for processor 9
  Max Mhz: 2900, Current Mhz: 2577, Mhz Limit: 2552
Processor Information for processor 10
  Max Mhz: 2900, Current Mhz: 2577, Mhz Limit: 2552
Processor Information for processor 11
  Max Mhz: 2900, Current Mhz: 2577, Mhz Limit: 2552
Processor Information for processor 12
  Max Mhz: 2900, Current Mhz: 1450, Mhz Limit: 2900
Processor Information for processor 13
  Max Mhz: 2900, Current Mhz: 2900, Mhz Limit: 2900
Processor Information for processor 14
  Max Mhz: 2900, Current Mhz: 2900, Mhz Limit: 2900
Processor Information for processor 15
  Max Mhz: 2900, Current Mhz: 1450, Mhz Limit: 2900
Processor Information for processor 16
  Max Mhz: 2900, Current Mhz: 1450, Mhz Limit: 2900
Processor Information for processor 17
  Max Mhz: 2900, Current Mhz: 1450, Mhz Limit: 2900
Processor Information for processor 18
  Max Mhz: 2900, Current Mhz: 2900, Mhz Limit: 2900
Processor Information for processor 19
  Max Mhz: 2900, Current Mhz: 1450, Mhz Limit: 2900

Memory: 4k page, system-wide physical 65360M (39693M free)
TotalPageFile size 69456M (AvailPageFile size 39849M)
current process WorkingSet (physical memory assigned to process): 106M, peak: 106M
current process commit charge ("private bytes"): 1197M, peak: 1197M

vm_info: OpenJDK 64-Bit Server VM (21.0.7+9-b895.130) for windows-amd64 JRE (21.0.7+9-b895.130), built on 2025-05-13 by "builduser" with MS VC++ 16.10 / 16.11 (VS2019)

END.
